ARM GAS  C:\Users\egarr\AppData\Local\Temp\ccFcDPmm.s 			page 1


   1              		.syntax unified
   2              		.cpu cortex-m3
   3              		.fpu softvfp
   4              		.eabi_attribute 20, 1
   5              		.eabi_attribute 21, 1
   6              		.eabi_attribute 23, 3
   7              		.eabi_attribute 24, 1
   8              		.eabi_attribute 25, 1
   9              		.eabi_attribute 26, 1
  10              		.eabi_attribute 30, 1
  11              		.eabi_attribute 34, 1
  12              		.eabi_attribute 18, 4
  13              		.thumb
  14              		.syntax unified
  15              		.file	"main.c"
  16              		.text
  17              	.Ltext0:
  18              		.cfi_sections	.debug_frame
  19              		.section	.text.byteReceived,"ax",%progbits
  20              		.align	2
  21              		.global	byteReceived
  22              		.thumb
  23              		.thumb_func
  24              		.type	byteReceived, %function
  25              	byteReceived:
  26              	.LFB64:
  27              		.file 1 "main.c"
   1:main.c        **** /* ========================================
   2:main.c        ****  *
   3:main.c        ****  * Copyright YOUR COMPANY, THE YEAR
   4:main.c        ****  * All Rights Reserved
   5:main.c        ****  * UNPUBLISHED, LICENSED SOFTWARE.
   6:main.c        ****  *
   7:main.c        ****  * CONFIDENTIAL AND PROPRIETARY INFORMATION
   8:main.c        ****  * WHICH IS THE PROPERTY OF your company.
   9:main.c        ****  *
  10:main.c        ****  * ========================================
  11:main.c        **** */
  12:main.c        **** #include "project.h"
  13:main.c        **** #include <string.h>
  14:main.c        **** 
  15:main.c        **** #define numOfChars  79
  16:main.c        **** #define write       0
  17:main.c        **** #define read        1
  18:main.c        **** 
  19:main.c        **** CY_ISR_PROTO(byteReceived);
  20:main.c        **** void printInstructions();
  21:main.c        **** void parseInput();
  22:main.c        **** void readWriteMem();
  23:main.c        **** 
  24:main.c        **** uint8 currentMemLocation;
  25:main.c        **** uint16 memLocation;
  26:main.c        **** 
  27:main.c        **** uint8 directionRW;
  28:main.c        **** uint8 chipSelect;
  29:main.c        **** 
  30:main.c        **** uint8 group1Address =   80;
ARM GAS  C:\Users\egarr\AppData\Local\Temp\ccFcDPmm.s 			page 2


  31:main.c        **** uint8 chip1Address  =    6;
  32:main.c        **** uint8 chip2Address  =    4;
  33:main.c        **** 
  34:main.c        **** uint8 address;
  35:main.c        **** 
  36:main.c        **** 
  37:main.c        **** 
  38:main.c        **** uint8 format;
  39:main.c        **** 
  40:main.c        **** uint8 readNumBytes; 
  41:main.c        **** uint8 writeNumBytes;
  42:main.c        **** 
  43:main.c        **** uint8 data[numOfChars];
  44:main.c        **** uint8 writeData[numOfChars] = "";
  45:main.c        **** uint8 readData[numOfChars];
  46:main.c        **** 
  47:main.c        **** uint8 addressW = 86;
  48:main.c        **** uint8 addressR = 86;
  49:main.c        **** 
  50:main.c        **** uint8 format;
  51:main.c        **** 
  52:main.c        **** 
  53:main.c        **** int updateFlag;
  54:main.c        **** int i = 0;
  55:main.c        **** int x = 0;
  56:main.c        **** int y = 0;
  57:main.c        **** int entry = 0;
  58:main.c        **** 
  59:main.c        **** char holding[numOfChars] = "";
  60:main.c        **** char input[numOfChars] = "";
  61:main.c        **** char empty[numOfChars] = "";
  62:main.c        **** char nextByte;
  63:main.c        **** 
  64:main.c        **** uint8 testAdd[1] = {0x00};
  65:main.c        **** uint8 testW[5] = {0x00,0x30,0x31,0x32, 0x33};
  66:main.c        **** uint8 testR[4] = {1,2,3,4};
  67:main.c        **** 
  68:main.c        **** int main(void)
  69:main.c        **** {
  70:main.c        ****     
  71:main.c        ****     UART_Start();
  72:main.c        ****     I2C_Start();
  73:main.c        ****     //I2C_Enable();
  74:main.c        ****     
  75:main.c        ****     printInstructions();
  76:main.c        ****     
  77:main.c        ****     isr_1_StartEx(byteReceived);
  78:main.c        ****     CyGlobalIntEnable; 
  79:main.c        ****     
  80:main.c        ****     for(;;)
  81:main.c        ****     {
  82:main.c        ****         if(updateFlag){
  83:main.c        ****             parseInput();
  84:main.c        ****             readWriteMem();
  85:main.c        **** 
  86:main.c        **** 
  87:main.c        ****             updateFlag = 0;
ARM GAS  C:\Users\egarr\AppData\Local\Temp\ccFcDPmm.s 			page 3


  88:main.c        ****         }
  89:main.c        ****     }
  90:main.c        **** }
  91:main.c        **** 
  92:main.c        **** CY_ISR(byteReceived){
  28              		.loc 1 92 0
  29              		.cfi_startproc
  30              		@ args = 0, pretend = 0, frame = 0
  31              		@ frame_needed = 0, uses_anonymous_args = 0
  32 0000 08B5     		push	{r3, lr}
  33              		.cfi_def_cfa_offset 8
  34              		.cfi_offset 3, -8
  35              		.cfi_offset 14, -4
  93:main.c        ****     //gets incoming byte from UART and stores it
  94:main.c        ****     nextByte = UART_GetChar(); 
  36              		.loc 1 94 0
  37 0002 FFF7FEFF 		bl	UART_GetChar
  38              	.LVL0:
  39 0006 334B     		ldr	r3, .L11
  40 0008 1870     		strb	r0, [r3]
  95:main.c        ****     //if the byte is a printable character & the string isn't full
  96:main.c        ****     if(nextByte > 31 && nextByte < 127 && x < numOfChars){
  41              		.loc 1 96 0
  42 000a A0F12003 		sub	r3, r0, #32
  43 000e DBB2     		uxtb	r3, r3
  44 0010 5E2B     		cmp	r3, #94
  45 0012 0ED8     		bhi	.L2
  46              		.loc 1 96 0 is_stmt 0 discriminator 1
  47 0014 304B     		ldr	r3, .L11+4
  48 0016 1B68     		ldr	r3, [r3]
  49 0018 4E2B     		cmp	r3, #78
  50 001a 0ADC     		bgt	.L2
  97:main.c        ****         //echo character back to host computer 
  98:main.c        ****         UART_PutChar(nextByte);
  51              		.loc 1 98 0 is_stmt 1
  52 001c FFF7FEFF 		bl	UART_PutChar
  53              	.LVL1:
  99:main.c        ****         //store character into an input buffer
 100:main.c        ****         input[x] = nextByte;
  54              		.loc 1 100 0
  55 0020 2D4A     		ldr	r2, .L11+4
  56 0022 1368     		ldr	r3, [r2]
  57 0024 D118     		adds	r1, r2, r3
  58 0026 2B48     		ldr	r0, .L11
  59 0028 0078     		ldrb	r0, [r0]	@ zero_extendqisi2
  60 002a 0871     		strb	r0, [r1, #4]
 101:main.c        ****         //increment to next buffer location
 102:main.c        ****         x++;
  61              		.loc 1 102 0
  62 002c 0133     		adds	r3, r3, #1
  63 002e 1360     		str	r3, [r2]
  64 0030 08BD     		pop	{r3, pc}
  65              	.L2:
 103:main.c        ****     }
 104:main.c        ****     
 105:main.c        ****     //if byte is non printable
 106:main.c        ****     else{
ARM GAS  C:\Users\egarr\AppData\Local\Temp\ccFcDPmm.s 			page 4


 107:main.c        ****         //if the byte is a delete perform rubout sequence
 108:main.c        ****         if(nextByte == 0x7F && x > 0){
  66              		.loc 1 108 0
  67 0032 7F28     		cmp	r0, #127
  68 0034 14D1     		bne	.L4
  69              		.loc 1 108 0 is_stmt 0 discriminator 1
  70 0036 284B     		ldr	r3, .L11+4
  71 0038 1B68     		ldr	r3, [r3]
  72 003a 002B     		cmp	r3, #0
  73 003c 10DD     		ble	.L4
 109:main.c        ****             UART_PutChar(0x08);
  74              		.loc 1 109 0 is_stmt 1
  75 003e 0820     		movs	r0, #8
  76 0040 FFF7FEFF 		bl	UART_PutChar
  77              	.LVL2:
 110:main.c        ****             UART_PutChar(0x20);
  78              		.loc 1 110 0
  79 0044 2020     		movs	r0, #32
  80 0046 FFF7FEFF 		bl	UART_PutChar
  81              	.LVL3:
 111:main.c        ****             UART_PutChar(0x08);
  82              		.loc 1 111 0
  83 004a 0820     		movs	r0, #8
  84 004c FFF7FEFF 		bl	UART_PutChar
  85              	.LVL4:
 112:main.c        ****             //sets input buffer location back 1 to reflect host readout
 113:main.c        ****             x--;     
  86              		.loc 1 113 0
  87 0050 214A     		ldr	r2, .L11+4
  88 0052 1368     		ldr	r3, [r2]
  89 0054 013B     		subs	r3, r3, #1
  90 0056 1360     		str	r3, [r2]
 114:main.c        ****             //replaces deleted character with null
 115:main.c        ****             input[x] = 0;
  91              		.loc 1 115 0
  92 0058 1344     		add	r3, r3, r2
  93 005a 0022     		movs	r2, #0
  94 005c 1A71     		strb	r2, [r3, #4]
  95 005e 08BD     		pop	{r3, pc}
  96              	.L4:
 116:main.c        ****         }
 117:main.c        ****         
 118:main.c        ****         //if carriage return (enter) is sent
 119:main.c        ****         else if(nextByte == 0x0D){
  97              		.loc 1 119 0
  98 0060 0D28     		cmp	r0, #13
  99 0062 32D1     		bne	.L5
 120:main.c        ****             //new line and carriage return
 121:main.c        ****             UART_PutString("\n");
 100              		.loc 1 121 0
 101 0064 1D48     		ldr	r0, .L11+8
 102 0066 FFF7FEFF 		bl	UART_PutString
 103              	.LVL5:
 122:main.c        ****             UART_PutChar(nextByte);
 104              		.loc 1 122 0
 105 006a 1A4B     		ldr	r3, .L11
 106 006c 1878     		ldrb	r0, [r3]	@ zero_extendqisi2
ARM GAS  C:\Users\egarr\AppData\Local\Temp\ccFcDPmm.s 			page 5


 107 006e FFF7FEFF 		bl	UART_PutChar
 108              	.LVL6:
 123:main.c        ****             
 124:main.c        ****             //add carriage return deliminator to input buffer
 125:main.c        ****             input[x] = 0x0D;
 109              		.loc 1 125 0
 110 0072 194B     		ldr	r3, .L11+4
 111 0074 1A68     		ldr	r2, [r3]
 112 0076 1A44     		add	r2, r2, r3
 113 0078 0D21     		movs	r1, #13
 114 007a 1171     		strb	r1, [r2, #4]
 126:main.c        ****             
 127:main.c        ****             //store input array in a holding array
 128:main.c        ****             for (i = 0; i < numOfChars; i++){
 115              		.loc 1 128 0
 116 007c 0022     		movs	r2, #0
 117 007e 5A65     		str	r2, [r3, #84]
 118 0080 06E0     		b	.L6
 119              	.L7:
 129:main.c        ****                 holding[i] = input[i];
 120              		.loc 1 129 0 discriminator 3
 121 0082 154A     		ldr	r2, .L11+4
 122 0084 D118     		adds	r1, r2, r3
 123 0086 0879     		ldrb	r0, [r1, #4]	@ zero_extendqisi2
 124 0088 81F85800 		strb	r0, [r1, #88]
 128:main.c        ****                 holding[i] = input[i];
 125              		.loc 1 128 0 discriminator 3
 126 008c 0133     		adds	r3, r3, #1
 127 008e 5365     		str	r3, [r2, #84]
 128              	.L6:
 128:main.c        ****                 holding[i] = input[i];
 129              		.loc 1 128 0 is_stmt 0 discriminator 1
 130 0090 114B     		ldr	r3, .L11+4
 131 0092 5B6D     		ldr	r3, [r3, #84]
 132 0094 4E2B     		cmp	r3, #78
 133 0096 F4DD     		ble	.L7
 130:main.c        ****             }
 131:main.c        ****             
 132:main.c        ****             //clear input array
 133:main.c        ****             for(y = 0;y < numOfChars; y++){
 134              		.loc 1 133 0 is_stmt 1
 135 0098 0022     		movs	r2, #0
 136 009a 0F4B     		ldr	r3, .L11+4
 137 009c C3F8A820 		str	r2, [r3, #168]
 138 00a0 07E0     		b	.L8
 139              	.L9:
 134:main.c        ****                 input[y] = empty[y];
 140              		.loc 1 134 0 discriminator 3
 141 00a2 0D4A     		ldr	r2, .L11+4
 142 00a4 D118     		adds	r1, r2, r3
 143 00a6 91F8AC00 		ldrb	r0, [r1, #172]	@ zero_extendqisi2
 144 00aa 0871     		strb	r0, [r1, #4]
 133:main.c        ****                 input[y] = empty[y];
 145              		.loc 1 133 0 discriminator 3
 146 00ac 0133     		adds	r3, r3, #1
 147 00ae C2F8A830 		str	r3, [r2, #168]
 148              	.L8:
ARM GAS  C:\Users\egarr\AppData\Local\Temp\ccFcDPmm.s 			page 6


 133:main.c        ****                 input[y] = empty[y];
 149              		.loc 1 133 0 is_stmt 0 discriminator 1
 150 00b2 094B     		ldr	r3, .L11+4
 151 00b4 D3F8A830 		ldr	r3, [r3, #168]
 152 00b8 4E2B     		cmp	r3, #78
 153 00ba F2DD     		ble	.L9
 135:main.c        ****             }
 136:main.c        ****             
 137:main.c        ****             //return input buffer write location to beginning
 138:main.c        ****             x = 0;
 154              		.loc 1 138 0 is_stmt 1
 155 00bc 0022     		movs	r2, #0
 156 00be 064B     		ldr	r3, .L11+4
 157 00c0 1A60     		str	r2, [r3]
 139:main.c        ****             //set flag for action in the main code
 140:main.c        ****             updateFlag = 1;
 158              		.loc 1 140 0
 159 00c2 0122     		movs	r2, #1
 160 00c4 064B     		ldr	r3, .L11+12
 161 00c6 1A60     		str	r2, [r3]
 162 00c8 08BD     		pop	{r3, pc}
 163              	.L5:
 141:main.c        ****         }
 142:main.c        ****         
 143:main.c        ****         //if byte is not printable or if input buffer is full..
 144:main.c        ****         //or if trying to delete past 0 send bell to host computer
 145:main.c        ****         else{
 146:main.c        ****             UART_PutChar(7);
 164              		.loc 1 146 0
 165 00ca 0720     		movs	r0, #7
 166 00cc FFF7FEFF 		bl	UART_PutChar
 167              	.LVL7:
 168 00d0 08BD     		pop	{r3, pc}
 169              	.L12:
 170 00d2 00BF     		.align	2
 171              	.L11:
 172 00d4 00000000 		.word	nextByte
 173 00d8 00000000 		.word	.LANCHOR0
 174 00dc 00000000 		.word	.LC0
 175 00e0 00000000 		.word	updateFlag
 176              		.cfi_endproc
 177              	.LFE64:
 178              		.size	byteReceived, .-byteReceived
 179              		.section	.text.printInstructions,"ax",%progbits
 180              		.align	2
 181              		.global	printInstructions
 182              		.thumb
 183              		.thumb_func
 184              		.type	printInstructions, %function
 185              	printInstructions:
 186              	.LFB65:
 147:main.c        ****         }
 148:main.c        ****     }
 149:main.c        **** }
 150:main.c        ****     
 151:main.c        **** void printInstructions(){
 187              		.loc 1 151 0
ARM GAS  C:\Users\egarr\AppData\Local\Temp\ccFcDPmm.s 			page 7


 188              		.cfi_startproc
 189              		@ args = 0, pretend = 0, frame = 0
 190              		@ frame_needed = 0, uses_anonymous_args = 0
 191 0000 08B5     		push	{r3, lr}
 192              		.cfi_def_cfa_offset 8
 193              		.cfi_offset 3, -8
 194              		.cfi_offset 14, -4
 152:main.c        ****     UART_PutString("\n\r Please type a command. A command will look similar to the examples below.\
 195              		.loc 1 152 0
 196 0002 1248     		ldr	r0, .L15
 197 0004 FFF7FEFF 		bl	UART_PutString
 198              	.LVL8:
 153:main.c        ****     UART_PutString("\n\r W # XX A Your message here");
 199              		.loc 1 153 0
 200 0008 1148     		ldr	r0, .L15+4
 201 000a FFF7FEFF 		bl	UART_PutString
 202              	.LVL9:
 154:main.c        ****     UART_PutString("\n\r A # XX H NN\n\r");
 203              		.loc 1 154 0
 204 000e 1148     		ldr	r0, .L15+8
 205 0010 FFF7FEFF 		bl	UART_PutString
 206              	.LVL10:
 155:main.c        ****     UART_PutString("\n\r W for write or R for Read");
 207              		.loc 1 155 0
 208 0014 1048     		ldr	r0, .L15+12
 209 0016 FFF7FEFF 		bl	UART_PutString
 210              	.LVL11:
 156:main.c        ****     UART_PutString("\n\r # determines which EEPROM");
 211              		.loc 1 156 0
 212 001a 1048     		ldr	r0, .L15+16
 213 001c FFF7FEFF 		bl	UART_PutString
 214              	.LVL12:
 157:main.c        ****     UART_PutString("\n\r XX determines memory location (in hex)");
 215              		.loc 1 157 0
 216 0020 0F48     		ldr	r0, .L15+20
 217 0022 FFF7FEFF 		bl	UART_PutString
 218              	.LVL13:
 158:main.c        ****     UART_PutString("\n\r A for ASCII or H for ASCII encoded hex bytes");
 219              		.loc 1 158 0
 220 0026 0F48     		ldr	r0, .L15+24
 221 0028 FFF7FEFF 		bl	UART_PutString
 222              	.LVL14:
 159:main.c        ****     UART_PutString("\n\r NN for READ commands determines number of bytes (in hex) to be read\n\r");
 223              		.loc 1 159 0
 224 002c 0E48     		ldr	r0, .L15+28
 225 002e FFF7FEFF 		bl	UART_PutString
 226              	.LVL15:
 160:main.c        ****     UART_PutString("\n\r Examples given below\n\r");
 227              		.loc 1 160 0
 228 0032 0E48     		ldr	r0, .L15+32
 229 0034 FFF7FEFF 		bl	UART_PutString
 230              	.LVL16:
 161:main.c        ****     UART_PutString("\n\r W 1 31 A Mary had a little lamb");
 231              		.loc 1 161 0
 232 0038 0D48     		ldr	r0, .L15+36
 233 003a FFF7FEFF 		bl	UART_PutString
 234              	.LVL17:
ARM GAS  C:\Users\egarr\AppData\Local\Temp\ccFcDPmm.s 			page 8


 162:main.c        ****     UART_PutString("\n\r R 2 31 H 34\n\r");
 235              		.loc 1 162 0
 236 003e 0D48     		ldr	r0, .L15+40
 237 0040 FFF7FEFF 		bl	UART_PutString
 238              	.LVL18:
 163:main.c        ****     UART_PutString("\n\r>");
 239              		.loc 1 163 0
 240 0044 0C48     		ldr	r0, .L15+44
 241 0046 FFF7FEFF 		bl	UART_PutString
 242              	.LVL19:
 243 004a 08BD     		pop	{r3, pc}
 244              	.L16:
 245              		.align	2
 246              	.L15:
 247 004c 04000000 		.word	.LC1
 248 0050 54000000 		.word	.LC2
 249 0054 74000000 		.word	.LC3
 250 0058 88000000 		.word	.LC4
 251 005c A8000000 		.word	.LC5
 252 0060 C8000000 		.word	.LC6
 253 0064 F4000000 		.word	.LC7
 254 0068 24010000 		.word	.LC8
 255 006c 70010000 		.word	.LC9
 256 0070 8C010000 		.word	.LC10
 257 0074 B0010000 		.word	.LC11
 258 0078 C4010000 		.word	.LC12
 259              		.cfi_endproc
 260              	.LFE65:
 261              		.size	printInstructions, .-printInstructions
 262              		.section	.text.parseInput,"ax",%progbits
 263              		.align	2
 264              		.global	parseInput
 265              		.thumb
 266              		.thumb_func
 267              		.type	parseInput, %function
 268              	parseInput:
 269              	.LFB66:
 164:main.c        **** }
 165:main.c        **** 
 166:main.c        **** void parseInput(){
 270              		.loc 1 166 0
 271              		.cfi_startproc
 272              		@ args = 0, pretend = 0, frame = 0
 273              		@ frame_needed = 0, uses_anonymous_args = 0
 274              		@ link register save eliminated.
 167:main.c        ****     if (holding[0] == 'W' || holding[0] == 'w'){
 275              		.loc 1 167 0
 276 0000 274B     		ldr	r3, .L24
 277 0002 93F85830 		ldrb	r3, [r3, #88]	@ zero_extendqisi2
 278 0006 572B     		cmp	r3, #87
 279 0008 01D0     		beq	.L18
 280              		.loc 1 167 0 is_stmt 0 discriminator 1
 281 000a 772B     		cmp	r3, #119
 282 000c 03D1     		bne	.L19
 283              	.L18:
 168:main.c        ****         directionRW = write;
 284              		.loc 1 168 0 is_stmt 1
ARM GAS  C:\Users\egarr\AppData\Local\Temp\ccFcDPmm.s 			page 9


 285 000e 0022     		movs	r2, #0
 286 0010 244B     		ldr	r3, .L24+4
 287 0012 1A70     		strb	r2, [r3]
 288 0014 06E0     		b	.L20
 289              	.L19:
 169:main.c        ****     }
 170:main.c        ****     else if(holding[0] == 'R' || holding[0] == 'r'){
 290              		.loc 1 170 0
 291 0016 522B     		cmp	r3, #82
 292 0018 01D0     		beq	.L21
 293              		.loc 1 170 0 is_stmt 0 discriminator 1
 294 001a 722B     		cmp	r3, #114
 295 001c 02D1     		bne	.L20
 296              	.L21:
 171:main.c        ****         directionRW = read;
 297              		.loc 1 171 0 is_stmt 1
 298 001e 0122     		movs	r2, #1
 299 0020 204B     		ldr	r3, .L24+4
 300 0022 1A70     		strb	r2, [r3]
 301              	.L20:
 172:main.c        ****     }
 173:main.c        ****     
 174:main.c        ****     readNumBytes = (((holding[9] - '0') << 4) | (holding[10] - '0'));
 302              		.loc 1 174 0
 303 0024 1E4B     		ldr	r3, .L24
 304 0026 93F86120 		ldrb	r2, [r3, #97]	@ zero_extendqisi2
 305 002a A2F13001 		sub	r1, r2, #48
 306 002e 93F86220 		ldrb	r2, [r3, #98]	@ zero_extendqisi2
 307 0032 303A     		subs	r2, r2, #48
 308 0034 42EA0112 		orr	r2, r2, r1, lsl #4
 309 0038 1B49     		ldr	r1, .L24+8
 310 003a 0A70     		strb	r2, [r1]
 175:main.c        ****     
 176:main.c        ****     chipSelect = holding[2];
 311              		.loc 1 176 0
 312 003c 93F85A10 		ldrb	r1, [r3, #90]	@ zero_extendqisi2
 313 0040 1A4A     		ldr	r2, .L24+12
 314 0042 1170     		strb	r1, [r2]
 177:main.c        ****     
 178:main.c        ****     memLocation = (((holding[4] - '0') << 4) | (holding[5] - '0'));
 315              		.loc 1 178 0
 316 0044 93F85C20 		ldrb	r2, [r3, #92]	@ zero_extendqisi2
 317 0048 A2F13001 		sub	r1, r2, #48
 318 004c 93F85D20 		ldrb	r2, [r3, #93]	@ zero_extendqisi2
 319 0050 303A     		subs	r2, r2, #48
 320 0052 42EA0112 		orr	r2, r2, r1, lsl #4
 321 0056 92B2     		uxth	r2, r2
 322 0058 1549     		ldr	r1, .L24+16
 323 005a 0A80     		strh	r2, [r1]	@ movhi
 179:main.c        ****     writeData[0] = memLocation;
 324              		.loc 1 179 0
 325 005c 83F8FC20 		strb	r2, [r3, #252]
 180:main.c        ****     format = holding[7];
 326              		.loc 1 180 0
 327 0060 93F85F10 		ldrb	r1, [r3, #95]	@ zero_extendqisi2
 328 0064 134A     		ldr	r2, .L24+20
 329 0066 1170     		strb	r1, [r2]
ARM GAS  C:\Users\egarr\AppData\Local\Temp\ccFcDPmm.s 			page 10


 181:main.c        ****     
 182:main.c        ****     for (i = 9; holding[i] != 0x0D; i++){
 330              		.loc 1 182 0
 331 0068 0922     		movs	r2, #9
 332 006a 5A65     		str	r2, [r3, #84]
 333 006c 10E0     		b	.L22
 334              	.L23:
 183:main.c        ****         writeData[i-8] = holding[i];
 335              		.loc 1 183 0 discriminator 3
 336 006e A3F10801 		sub	r1, r3, #8
 337 0072 0B4A     		ldr	r2, .L24
 338 0074 1144     		add	r1, r1, r2
 339 0076 81F8FC00 		strb	r0, [r1, #252]
 184:main.c        ****         writeData[i-7] = 0x0D;
 340              		.loc 1 184 0 discriminator 3
 341 007a D91F     		subs	r1, r3, #7
 342 007c 1144     		add	r1, r1, r2
 343 007e 0D20     		movs	r0, #13
 344 0080 81F8FC00 		strb	r0, [r1, #252]
 185:main.c        ****         
 186:main.c        ****         writeNumBytes = i-8;
 345              		.loc 1 186 0 discriminator 3
 346 0084 A3F10800 		sub	r0, r3, #8
 347 0088 0B49     		ldr	r1, .L24+24
 348 008a 0870     		strb	r0, [r1]
 182:main.c        ****         writeData[i-8] = holding[i];
 349              		.loc 1 182 0 discriminator 3
 350 008c 0133     		adds	r3, r3, #1
 351 008e 5365     		str	r3, [r2, #84]
 352              	.L22:
 182:main.c        ****         writeData[i-8] = holding[i];
 353              		.loc 1 182 0 is_stmt 0 discriminator 1
 354 0090 034A     		ldr	r2, .L24
 355 0092 536D     		ldr	r3, [r2, #84]
 356 0094 1A44     		add	r2, r2, r3
 357 0096 92F85800 		ldrb	r0, [r2, #88]	@ zero_extendqisi2
 358 009a 0D28     		cmp	r0, #13
 359 009c E7D1     		bne	.L23
 187:main.c        ****     }
 188:main.c        ****     
 189:main.c        ****     
 190:main.c        **** }
 360              		.loc 1 190 0 is_stmt 1
 361 009e 7047     		bx	lr
 362              	.L25:
 363              		.align	2
 364              	.L24:
 365 00a0 00000000 		.word	.LANCHOR0
 366 00a4 00000000 		.word	directionRW
 367 00a8 00000000 		.word	readNumBytes
 368 00ac 00000000 		.word	chipSelect
 369 00b0 00000000 		.word	memLocation
 370 00b4 00000000 		.word	format
 371 00b8 00000000 		.word	writeNumBytes
 372              		.cfi_endproc
 373              	.LFE66:
 374              		.size	parseInput, .-parseInput
ARM GAS  C:\Users\egarr\AppData\Local\Temp\ccFcDPmm.s 			page 11


 375              		.section	.text.readWriteMem,"ax",%progbits
 376              		.align	2
 377              		.global	readWriteMem
 378              		.thumb
 379              		.thumb_func
 380              		.type	readWriteMem, %function
 381              	readWriteMem:
 382              	.LFB67:
 191:main.c        **** 
 192:main.c        **** 
 193:main.c        **** void readWriteMem(){
 383              		.loc 1 193 0
 384              		.cfi_startproc
 385              		@ args = 0, pretend = 0, frame = 0
 386              		@ frame_needed = 0, uses_anonymous_args = 0
 387 0000 08B5     		push	{r3, lr}
 388              		.cfi_def_cfa_offset 8
 389              		.cfi_offset 3, -8
 390              		.cfi_offset 14, -4
 194:main.c        ****     if(chipSelect == '1'){
 391              		.loc 1 194 0
 392 0002 314B     		ldr	r3, .L37
 393 0004 1B78     		ldrb	r3, [r3]	@ zero_extendqisi2
 394 0006 312B     		cmp	r3, #49
 395 0008 06D1     		bne	.L27
 195:main.c        ****         address = (group1Address | chip1Address);
 396              		.loc 1 195 0
 397 000a 304A     		ldr	r2, .L37+4
 398 000c 1178     		ldrb	r1, [r2]	@ zero_extendqisi2
 399 000e 5378     		ldrb	r3, [r2, #1]	@ zero_extendqisi2
 400 0010 0B43     		orrs	r3, r3, r1
 401 0012 2F4A     		ldr	r2, .L37+8
 402 0014 1370     		strb	r3, [r2]
 403 0016 05E0     		b	.L28
 404              	.L27:
 196:main.c        ****     }
 197:main.c        ****     
 198:main.c        ****     else{
 199:main.c        ****         address = (group1Address | chip2Address);
 405              		.loc 1 199 0
 406 0018 2C4A     		ldr	r2, .L37+4
 407 001a 1178     		ldrb	r1, [r2]	@ zero_extendqisi2
 408 001c 9378     		ldrb	r3, [r2, #2]	@ zero_extendqisi2
 409 001e 0B43     		orrs	r3, r3, r1
 410 0020 2B4A     		ldr	r2, .L37+8
 411 0022 1370     		strb	r3, [r2]
 412              	.L28:
 200:main.c        ****     }
 201:main.c        ****     
 202:main.c        ****     if(directionRW == write){
 413              		.loc 1 202 0
 414 0024 2B4B     		ldr	r3, .L37+12
 415 0026 1B78     		ldrb	r3, [r3]	@ zero_extendqisi2
 416 0028 83B9     		cbnz	r3, .L29
 203:main.c        ****         I2C_MasterWriteBuf(address, writeData, writeNumBytes, I2C_MODE_COMPLETE_XFER);
 417              		.loc 1 203 0
 418 002a 2B4A     		ldr	r2, .L37+16
ARM GAS  C:\Users\egarr\AppData\Local\Temp\ccFcDPmm.s 			page 12


 419 002c 1278     		ldrb	r2, [r2]	@ zero_extendqisi2
 420 002e 2B49     		ldr	r1, .L37+20
 421 0030 2748     		ldr	r0, .L37+8
 422 0032 0078     		ldrb	r0, [r0]	@ zero_extendqisi2
 423 0034 FFF7FEFF 		bl	I2C_MasterWriteBuf
 424              	.LVL20:
 425              	.L30:
 204:main.c        ****         while(!(I2C_MasterStatus() & I2C_MSTAT_WR_CMPLT));
 426              		.loc 1 204 0 discriminator 1
 427 0038 FFF7FEFF 		bl	I2C_MasterStatus
 428              	.LVL21:
 429 003c 10F0020F 		tst	r0, #2
 430 0040 FAD0     		beq	.L30
 205:main.c        ****         I2C_MasterClearStatus();
 431              		.loc 1 205 0
 432 0042 FFF7FEFF 		bl	I2C_MasterClearStatus
 433              	.LVL22:
 206:main.c        ****         CyDelay(5);
 434              		.loc 1 206 0
 435 0046 0520     		movs	r0, #5
 436 0048 FFF7FEFF 		bl	CyDelay
 437              	.LVL23:
 438              	.L29:
 207:main.c        ****     }
 208:main.c        ****     
 209:main.c        ****     if(directionRW == read){
 439              		.loc 1 209 0
 440 004c 214B     		ldr	r3, .L37+12
 441 004e 1B78     		ldrb	r3, [r3]	@ zero_extendqisi2
 442 0050 012B     		cmp	r3, #1
 443 0052 37D1     		bne	.L26
 210:main.c        ****         I2C_MasterWriteBuf(address, writeData, 1, I2C_MODE_COMPLETE_XFER);
 444              		.loc 1 210 0
 445 0054 0023     		movs	r3, #0
 446 0056 0122     		movs	r2, #1
 447 0058 2049     		ldr	r1, .L37+20
 448 005a 1D48     		ldr	r0, .L37+8
 449 005c 0078     		ldrb	r0, [r0]	@ zero_extendqisi2
 450 005e FFF7FEFF 		bl	I2C_MasterWriteBuf
 451              	.LVL24:
 452              	.L32:
 211:main.c        ****         while(!(I2C_MasterStatus() & I2C_MSTAT_WR_CMPLT));
 453              		.loc 1 211 0 discriminator 1
 454 0062 FFF7FEFF 		bl	I2C_MasterStatus
 455              	.LVL25:
 456 0066 10F0020F 		tst	r0, #2
 457 006a FAD0     		beq	.L32
 212:main.c        ****         I2C_MasterClearStatus();
 458              		.loc 1 212 0
 459 006c FFF7FEFF 		bl	I2C_MasterClearStatus
 460              	.LVL26:
 213:main.c        ****         CyDelay(5);
 461              		.loc 1 213 0
 462 0070 0520     		movs	r0, #5
 463 0072 FFF7FEFF 		bl	CyDelay
 464              	.LVL27:
 214:main.c        ****         
ARM GAS  C:\Users\egarr\AppData\Local\Temp\ccFcDPmm.s 			page 13


 215:main.c        ****         I2C_MasterReadBuf(address, readData, readNumBytes, I2C_MODE_COMPLETE_XFER);
 465              		.loc 1 215 0
 466 0076 0023     		movs	r3, #0
 467 0078 194A     		ldr	r2, .L37+24
 468 007a 1278     		ldrb	r2, [r2]	@ zero_extendqisi2
 469 007c 1949     		ldr	r1, .L37+28
 470 007e 1448     		ldr	r0, .L37+8
 471 0080 0078     		ldrb	r0, [r0]	@ zero_extendqisi2
 472 0082 FFF7FEFF 		bl	I2C_MasterReadBuf
 473              	.LVL28:
 474              	.L33:
 216:main.c        ****         while(!(I2C_MasterStatus() & I2C_MSTAT_RD_CMPLT));
 475              		.loc 1 216 0 discriminator 1
 476 0086 FFF7FEFF 		bl	I2C_MasterStatus
 477              	.LVL29:
 478 008a 10F0010F 		tst	r0, #1
 479 008e FAD0     		beq	.L33
 217:main.c        ****         I2C_MasterClearStatus();
 480              		.loc 1 217 0
 481 0090 FFF7FEFF 		bl	I2C_MasterClearStatus
 482              	.LVL30:
 218:main.c        ****         
 219:main.c        ****         for(i = 0; i < readNumBytes; i++){
 483              		.loc 1 219 0
 484 0094 0022     		movs	r2, #0
 485 0096 144B     		ldr	r3, .L37+32
 486 0098 5A65     		str	r2, [r3, #84]
 487 009a 07E0     		b	.L34
 488              	.L35:
 220:main.c        ****             UART_PutChar(readData[i]);
 489              		.loc 1 220 0 discriminator 3
 490 009c 114A     		ldr	r2, .L37+28
 491 009e D05C     		ldrb	r0, [r2, r3]	@ zero_extendqisi2
 492 00a0 FFF7FEFF 		bl	UART_PutChar
 493              	.LVL31:
 219:main.c        ****             UART_PutChar(readData[i]);
 494              		.loc 1 219 0 discriminator 3
 495 00a4 104A     		ldr	r2, .L37+32
 496 00a6 536D     		ldr	r3, [r2, #84]
 497 00a8 0133     		adds	r3, r3, #1
 498 00aa 5365     		str	r3, [r2, #84]
 499              	.L34:
 219:main.c        ****             UART_PutChar(readData[i]);
 500              		.loc 1 219 0 is_stmt 0 discriminator 1
 501 00ac 0C4B     		ldr	r3, .L37+24
 502 00ae 1A78     		ldrb	r2, [r3]	@ zero_extendqisi2
 503 00b0 0D4B     		ldr	r3, .L37+32
 504 00b2 5B6D     		ldr	r3, [r3, #84]
 505 00b4 9A42     		cmp	r2, r3
 506 00b6 F1DC     		bgt	.L35
 221:main.c        ****         }
 222:main.c        ****         UART_PutString(">");
 507              		.loc 1 222 0 is_stmt 1
 508 00b8 0C48     		ldr	r0, .L37+36
 509 00ba FFF7FEFF 		bl	UART_PutString
 510              	.LVL32:
 223:main.c        ****         //UART_PutString(holding);
ARM GAS  C:\Users\egarr\AppData\Local\Temp\ccFcDPmm.s 			page 14


 224:main.c        ****         //UART_PutString("\n");
 225:main.c        ****         updateFlag = 0;
 511              		.loc 1 225 0
 512 00be 0022     		movs	r2, #0
 513 00c0 0B4B     		ldr	r3, .L37+40
 514 00c2 1A60     		str	r2, [r3]
 515              	.L26:
 516 00c4 08BD     		pop	{r3, pc}
 517              	.L38:
 518 00c6 00BF     		.align	2
 519              	.L37:
 520 00c8 00000000 		.word	chipSelect
 521 00cc 00000000 		.word	.LANCHOR1
 522 00d0 00000000 		.word	address
 523 00d4 00000000 		.word	directionRW
 524 00d8 00000000 		.word	writeNumBytes
 525 00dc FC000000 		.word	.LANCHOR0+252
 526 00e0 00000000 		.word	readNumBytes
 527 00e4 00000000 		.word	readData
 528 00e8 00000000 		.word	.LANCHOR0
 529 00ec C8010000 		.word	.LC13
 530 00f0 00000000 		.word	updateFlag
 531              		.cfi_endproc
 532              	.LFE67:
 533              		.size	readWriteMem, .-readWriteMem
 534              		.section	.text.main,"ax",%progbits
 535              		.align	2
 536              		.global	main
 537              		.thumb
 538              		.thumb_func
 539              		.type	main, %function
 540              	main:
 541              	.LFB63:
  69:main.c        ****     
 542              		.loc 1 69 0
 543              		.cfi_startproc
 544              		@ Volatile: function does not return.
 545              		@ args = 0, pretend = 0, frame = 0
 546              		@ frame_needed = 0, uses_anonymous_args = 0
 547 0000 08B5     		push	{r3, lr}
 548              		.cfi_def_cfa_offset 8
 549              		.cfi_offset 3, -8
 550              		.cfi_offset 14, -4
  71:main.c        ****     I2C_Start();
 551              		.loc 1 71 0
 552 0002 FFF7FEFF 		bl	UART_Start
 553              	.LVL33:
  72:main.c        ****     //I2C_Enable();
 554              		.loc 1 72 0
 555 0006 FFF7FEFF 		bl	I2C_Start
 556              	.LVL34:
  75:main.c        ****     
 557              		.loc 1 75 0
 558 000a FFF7FEFF 		bl	printInstructions
 559              	.LVL35:
  77:main.c        ****     CyGlobalIntEnable; 
 560              		.loc 1 77 0
ARM GAS  C:\Users\egarr\AppData\Local\Temp\ccFcDPmm.s 			page 15


 561 000e 0848     		ldr	r0, .L43
 562 0010 FFF7FEFF 		bl	isr_1_StartEx
 563              	.LVL36:
  78:main.c        ****     
 564              		.loc 1 78 0
 565              		.syntax unified
 566              	@ 78 "main.c" 1
 567 0014 62B6     		CPSIE   i
 568              	@ 0 "" 2
 569              		.thumb
 570              		.syntax unified
 571              	.L40:
  82:main.c        ****             parseInput();
 572              		.loc 1 82 0
 573 0016 074B     		ldr	r3, .L43+4
 574 0018 1B68     		ldr	r3, [r3]
 575 001a 002B     		cmp	r3, #0
 576 001c FBD0     		beq	.L40
  83:main.c        ****             readWriteMem();
 577              		.loc 1 83 0
 578 001e FFF7FEFF 		bl	parseInput
 579              	.LVL37:
  84:main.c        **** 
 580              		.loc 1 84 0
 581 0022 FFF7FEFF 		bl	readWriteMem
 582              	.LVL38:
  87:main.c        ****         }
 583              		.loc 1 87 0
 584 0026 0022     		movs	r2, #0
 585 0028 024B     		ldr	r3, .L43+4
 586 002a 1A60     		str	r2, [r3]
 587 002c F3E7     		b	.L40
 588              	.L44:
 589 002e 00BF     		.align	2
 590              	.L43:
 591 0030 00000000 		.word	byteReceived
 592 0034 00000000 		.word	updateFlag
 593              		.cfi_endproc
 594              	.LFE63:
 595              		.size	main, .-main
 596              		.global	testR
 597              		.global	testW
 598              		.global	testAdd
 599              		.comm	nextByte,1,1
 600              		.global	empty
 601              		.global	input
 602              		.global	holding
 603              		.global	entry
 604              		.global	y
 605              		.global	x
 606              		.global	i
 607              		.comm	updateFlag,4,4
 608              		.global	addressR
 609              		.global	addressW
 610              		.comm	readData,79,4
 611              		.global	writeData
 612              		.comm	data,79,4
ARM GAS  C:\Users\egarr\AppData\Local\Temp\ccFcDPmm.s 			page 16


 613              		.comm	writeNumBytes,1,1
 614              		.comm	readNumBytes,1,1
 615              		.comm	format,1,1
 616              		.comm	address,1,1
 617              		.global	chip2Address
 618              		.global	chip1Address
 619              		.global	group1Address
 620              		.comm	chipSelect,1,1
 621              		.comm	directionRW,1,1
 622              		.comm	memLocation,2,2
 623              		.comm	currentMemLocation,1,1
 624              		.data
 625              		.align	2
 626              		.set	.LANCHOR1,. + 0
 627              		.type	group1Address, %object
 628              		.size	group1Address, 1
 629              	group1Address:
 630 0000 50       		.byte	80
 631              		.type	chip1Address, %object
 632              		.size	chip1Address, 1
 633              	chip1Address:
 634 0001 06       		.byte	6
 635              		.type	chip2Address, %object
 636              		.size	chip2Address, 1
 637              	chip2Address:
 638 0002 04       		.byte	4
 639 0003 00       		.space	1
 640              		.type	testR, %object
 641              		.size	testR, 4
 642              	testR:
 643 0004 01       		.byte	1
 644 0005 02       		.byte	2
 645 0006 03       		.byte	3
 646 0007 04       		.byte	4
 647              		.type	testW, %object
 648              		.size	testW, 5
 649              	testW:
 650 0008 00       		.byte	0
 651 0009 30       		.byte	48
 652 000a 31       		.byte	49
 653 000b 32       		.byte	50
 654 000c 33       		.byte	51
 655              		.type	addressR, %object
 656              		.size	addressR, 1
 657              	addressR:
 658 000d 56       		.byte	86
 659              		.type	addressW, %object
 660              		.size	addressW, 1
 661              	addressW:
 662 000e 56       		.byte	86
 663              		.section	.rodata.str1.4,"aMS",%progbits,1
 664              		.align	2
 665              	.LC0:
 666 0000 0A00     		.ascii	"\012\000"
 667 0002 0000     		.space	2
 668              	.LC1:
 669 0004 0A0D2050 		.ascii	"\012\015 Please type a command. A command will look"
ARM GAS  C:\Users\egarr\AppData\Local\Temp\ccFcDPmm.s 			page 17


 669      6C656173 
 669      65207479 
 669      70652061 
 669      20636F6D 
 670 0031 2073696D 		.ascii	" similar to the examples below.\012\015\000"
 670      696C6172 
 670      20746F20 
 670      74686520 
 670      6578616D 
 671 0053 00       		.space	1
 672              	.LC2:
 673 0054 0A0D2057 		.ascii	"\012\015 W # XX A Your message here\000"
 673      20232058 
 673      58204120 
 673      596F7572 
 673      206D6573 
 674 0072 0000     		.space	2
 675              	.LC3:
 676 0074 0A0D2041 		.ascii	"\012\015 A # XX H NN\012\015\000"
 676      20232058 
 676      58204820 
 676      4E4E0A0D 
 676      00
 677 0085 000000   		.space	3
 678              	.LC4:
 679 0088 0A0D2057 		.ascii	"\012\015 W for write or R for Read\000"
 679      20666F72 
 679      20777269 
 679      7465206F 
 679      72205220 
 680 00a5 000000   		.space	3
 681              	.LC5:
 682 00a8 0A0D2023 		.ascii	"\012\015 # determines which EEPROM\000"
 682      20646574 
 682      65726D69 
 682      6E657320 
 682      77686963 
 683 00c5 000000   		.space	3
 684              	.LC6:
 685 00c8 0A0D2058 		.ascii	"\012\015 XX determines memory location (in hex)\000"
 685      58206465 
 685      7465726D 
 685      696E6573 
 685      206D656D 
 686 00f2 0000     		.space	2
 687              	.LC7:
 688 00f4 0A0D2041 		.ascii	"\012\015 A for ASCII or H for ASCII encoded hex byt"
 688      20666F72 
 688      20415343 
 688      4949206F 
 688      72204820 
 689 0121 657300   		.ascii	"es\000"
 690              	.LC8:
 691 0124 0A0D204E 		.ascii	"\012\015 NN for READ commands determines number of "
 691      4E20666F 
 691      72205245 
 691      41442063 
ARM GAS  C:\Users\egarr\AppData\Local\Temp\ccFcDPmm.s 			page 18


 691      6F6D6D61 
 692 0151 62797465 		.ascii	"bytes (in hex) to be read\012\015\000"
 692      73202869 
 692      6E206865 
 692      78292074 
 692      6F206265 
 693 016d 000000   		.space	3
 694              	.LC9:
 695 0170 0A0D2045 		.ascii	"\012\015 Examples given below\012\015\000"
 695      78616D70 
 695      6C657320 
 695      67697665 
 695      6E206265 
 696 018a 0000     		.space	2
 697              	.LC10:
 698 018c 0A0D2057 		.ascii	"\012\015 W 1 31 A Mary had a little lamb\000"
 698      20312033 
 698      31204120 
 698      4D617279 
 698      20686164 
 699 01af 00       		.space	1
 700              	.LC11:
 701 01b0 0A0D2052 		.ascii	"\012\015 R 2 31 H 34\012\015\000"
 701      20322033 
 701      31204820 
 701      33340A0D 
 701      00
 702 01c1 000000   		.space	3
 703              	.LC12:
 704 01c4 0A0D3E00 		.ascii	"\012\015>\000"
 705              	.LC13:
 706 01c8 3E00     		.ascii	">\000"
 707              		.bss
 708              		.align	2
 709              		.set	.LANCHOR0,. + 0
 710              		.type	x, %object
 711              		.size	x, 4
 712              	x:
 713 0000 00000000 		.space	4
 714              		.type	input, %object
 715              		.size	input, 79
 716              	input:
 717 0004 00000000 		.space	79
 717      00000000 
 717      00000000 
 717      00000000 
 717      00000000 
 718 0053 00       		.space	1
 719              		.type	i, %object
 720              		.size	i, 4
 721              	i:
 722 0054 00000000 		.space	4
 723              		.type	holding, %object
 724              		.size	holding, 79
 725              	holding:
 726 0058 00000000 		.space	79
 726      00000000 
ARM GAS  C:\Users\egarr\AppData\Local\Temp\ccFcDPmm.s 			page 19


 726      00000000 
 726      00000000 
 726      00000000 
 727 00a7 00       		.space	1
 728              		.type	y, %object
 729              		.size	y, 4
 730              	y:
 731 00a8 00000000 		.space	4
 732              		.type	empty, %object
 733              		.size	empty, 79
 734              	empty:
 735 00ac 00000000 		.space	79
 735      00000000 
 735      00000000 
 735      00000000 
 735      00000000 
 736 00fb 00       		.space	1
 737              		.type	writeData, %object
 738              		.size	writeData, 79
 739              	writeData:
 740 00fc 00000000 		.space	79
 740      00000000 
 740      00000000 
 740      00000000 
 740      00000000 
 741 014b 00       		.space	1
 742              		.type	testAdd, %object
 743              		.size	testAdd, 1
 744              	testAdd:
 745 014c 00       		.space	1
 746 014d 000000   		.space	3
 747              		.type	entry, %object
 748              		.size	entry, 4
 749              	entry:
 750 0150 00000000 		.space	4
 751              		.text
 752              	.Letext0:
 753              		.file 2 "c:\\program files (x86)\\cypress\\psoc creator\\4.1\\psoc creator\\import\\gnu\\arm\\5.4.
 754              		.file 3 "c:\\program files (x86)\\cypress\\psoc creator\\4.1\\psoc creator\\import\\gnu\\arm\\5.4.
 755              		.file 4 "Generated_Source\\PSoC5/cytypes.h"
 756              		.file 5 "Generated_Source\\PSoC5/core_cm3.h"
 757              		.file 6 "Generated_Source\\PSoC5/UART.h"
 758              		.file 7 "Generated_Source\\PSoC5/I2C.h"
 759              		.file 8 "Generated_Source\\PSoC5/CyLib.h"
 760              		.file 9 "Generated_Source\\PSoC5/isr_1.h"
 761              		.section	.debug_info,"",%progbits
 762              	.Ldebug_info0:
 763 0000 71060000 		.4byte	0x671
 764 0004 0400     		.2byte	0x4
 765 0006 00000000 		.4byte	.Ldebug_abbrev0
 766 000a 04       		.byte	0x4
 767 000b 01       		.uleb128 0x1
 768 000c A7020000 		.4byte	.LASF57
 769 0010 0C       		.byte	0xc
 770 0011 07020000 		.4byte	.LASF58
 771 0015 34020000 		.4byte	.LASF59
 772 0019 00000000 		.4byte	.Ldebug_ranges0+0
ARM GAS  C:\Users\egarr\AppData\Local\Temp\ccFcDPmm.s 			page 20


 773 001d 00000000 		.4byte	0
 774 0021 00000000 		.4byte	.Ldebug_line0
 775 0025 02       		.uleb128 0x2
 776 0026 01       		.byte	0x1
 777 0027 06       		.byte	0x6
 778 0028 41010000 		.4byte	.LASF0
 779 002c 02       		.uleb128 0x2
 780 002d 01       		.byte	0x1
 781 002e 08       		.byte	0x8
 782 002f 26010000 		.4byte	.LASF1
 783 0033 02       		.uleb128 0x2
 784 0034 02       		.byte	0x2
 785 0035 05       		.byte	0x5
 786 0036 08000000 		.4byte	.LASF2
 787 003a 02       		.uleb128 0x2
 788 003b 02       		.byte	0x2
 789 003c 07       		.byte	0x7
 790 003d 8E010000 		.4byte	.LASF3
 791 0041 03       		.uleb128 0x3
 792 0042 77020000 		.4byte	.LASF9
 793 0046 02       		.byte	0x2
 794 0047 3F       		.byte	0x3f
 795 0048 4C000000 		.4byte	0x4c
 796 004c 02       		.uleb128 0x2
 797 004d 04       		.byte	0x4
 798 004e 05       		.byte	0x5
 799 004f CD000000 		.4byte	.LASF4
 800 0053 02       		.uleb128 0x2
 801 0054 04       		.byte	0x4
 802 0055 07       		.byte	0x7
 803 0056 0E020000 		.4byte	.LASF5
 804 005a 02       		.uleb128 0x2
 805 005b 08       		.byte	0x8
 806 005c 05       		.byte	0x5
 807 005d 2C000000 		.4byte	.LASF6
 808 0061 02       		.uleb128 0x2
 809 0062 08       		.byte	0x8
 810 0063 07       		.byte	0x7
 811 0064 AD000000 		.4byte	.LASF7
 812 0068 04       		.uleb128 0x4
 813 0069 04       		.byte	0x4
 814 006a 05       		.byte	0x5
 815 006b 696E7400 		.ascii	"int\000"
 816 006f 02       		.uleb128 0x2
 817 0070 04       		.byte	0x4
 818 0071 07       		.byte	0x7
 819 0072 76010000 		.4byte	.LASF8
 820 0076 03       		.uleb128 0x3
 821 0077 DB010000 		.4byte	.LASF10
 822 007b 03       		.byte	0x3
 823 007c 2C       		.byte	0x2c
 824 007d 41000000 		.4byte	0x41
 825 0081 05       		.uleb128 0x5
 826 0082 F0010000 		.4byte	.LASF11
 827 0086 04       		.byte	0x4
 828 0087 9201     		.2byte	0x192
 829 0089 2C000000 		.4byte	0x2c
ARM GAS  C:\Users\egarr\AppData\Local\Temp\ccFcDPmm.s 			page 21


 830 008d 05       		.uleb128 0x5
 831 008e 69000000 		.4byte	.LASF12
 832 0092 04       		.byte	0x4
 833 0093 9301     		.2byte	0x193
 834 0095 3A000000 		.4byte	0x3a
 835 0099 02       		.uleb128 0x2
 836 009a 04       		.byte	0x4
 837 009b 04       		.byte	0x4
 838 009c 97000000 		.4byte	.LASF13
 839 00a0 02       		.uleb128 0x2
 840 00a1 08       		.byte	0x8
 841 00a2 04       		.byte	0x4
 842 00a3 20020000 		.4byte	.LASF14
 843 00a7 02       		.uleb128 0x2
 844 00a8 01       		.byte	0x1
 845 00a9 08       		.byte	0x8
 846 00aa C6010000 		.4byte	.LASF15
 847 00ae 02       		.uleb128 0x2
 848 00af 08       		.byte	0x8
 849 00b0 04       		.byte	0x4
 850 00b1 02010000 		.4byte	.LASF16
 851 00b5 02       		.uleb128 0x2
 852 00b6 04       		.byte	0x4
 853 00b7 07       		.byte	0x7
 854 00b8 18000000 		.4byte	.LASF17
 855 00bc 06       		.uleb128 0x6
 856 00bd 8A000000 		.4byte	.LASF60
 857 00c1 01       		.byte	0x1
 858 00c2 5C       		.byte	0x5c
 859 00c3 00000000 		.4byte	.LFB64
 860 00c7 E4000000 		.4byte	.LFE64-.LFB64
 861 00cb 01       		.uleb128 0x1
 862 00cc 9C       		.byte	0x9c
 863 00cd 4D010000 		.4byte	0x14d
 864 00d1 07       		.uleb128 0x7
 865 00d2 06000000 		.4byte	.LVL0
 866 00d6 FB050000 		.4byte	0x5fb
 867 00da 07       		.uleb128 0x7
 868 00db 20000000 		.4byte	.LVL1
 869 00df 06060000 		.4byte	0x606
 870 00e3 08       		.uleb128 0x8
 871 00e4 44000000 		.4byte	.LVL2
 872 00e8 06060000 		.4byte	0x606
 873 00ec F6000000 		.4byte	0xf6
 874 00f0 09       		.uleb128 0x9
 875 00f1 01       		.uleb128 0x1
 876 00f2 50       		.byte	0x50
 877 00f3 01       		.uleb128 0x1
 878 00f4 38       		.byte	0x38
 879 00f5 00       		.byte	0
 880 00f6 08       		.uleb128 0x8
 881 00f7 4A000000 		.4byte	.LVL3
 882 00fb 06060000 		.4byte	0x606
 883 00ff 0A010000 		.4byte	0x10a
 884 0103 09       		.uleb128 0x9
 885 0104 01       		.uleb128 0x1
 886 0105 50       		.byte	0x50
ARM GAS  C:\Users\egarr\AppData\Local\Temp\ccFcDPmm.s 			page 22


 887 0106 02       		.uleb128 0x2
 888 0107 08       		.byte	0x8
 889 0108 20       		.byte	0x20
 890 0109 00       		.byte	0
 891 010a 08       		.uleb128 0x8
 892 010b 50000000 		.4byte	.LVL4
 893 010f 06060000 		.4byte	0x606
 894 0113 1D010000 		.4byte	0x11d
 895 0117 09       		.uleb128 0x9
 896 0118 01       		.uleb128 0x1
 897 0119 50       		.byte	0x50
 898 011a 01       		.uleb128 0x1
 899 011b 38       		.byte	0x38
 900 011c 00       		.byte	0
 901 011d 08       		.uleb128 0x8
 902 011e 6A000000 		.4byte	.LVL5
 903 0122 11060000 		.4byte	0x611
 904 0126 34010000 		.4byte	0x134
 905 012a 09       		.uleb128 0x9
 906 012b 01       		.uleb128 0x1
 907 012c 50       		.byte	0x50
 908 012d 05       		.uleb128 0x5
 909 012e 03       		.byte	0x3
 910 012f 00000000 		.4byte	.LC0
 911 0133 00       		.byte	0
 912 0134 07       		.uleb128 0x7
 913 0135 72000000 		.4byte	.LVL6
 914 0139 06060000 		.4byte	0x606
 915 013d 0A       		.uleb128 0xa
 916 013e D0000000 		.4byte	.LVL7
 917 0142 06060000 		.4byte	0x606
 918 0146 09       		.uleb128 0x9
 919 0147 01       		.uleb128 0x1
 920 0148 50       		.byte	0x50
 921 0149 01       		.uleb128 0x1
 922 014a 37       		.byte	0x37
 923 014b 00       		.byte	0
 924 014c 00       		.byte	0
 925 014d 0B       		.uleb128 0xb
 926 014e A1010000 		.4byte	.LASF18
 927 0152 01       		.byte	0x1
 928 0153 97       		.byte	0x97
 929 0154 00000000 		.4byte	.LFB65
 930 0158 7C000000 		.4byte	.LFE65-.LFB65
 931 015c 01       		.uleb128 0x1
 932 015d 9C       		.byte	0x9c
 933 015e 73020000 		.4byte	0x273
 934 0162 08       		.uleb128 0x8
 935 0163 08000000 		.4byte	.LVL8
 936 0167 11060000 		.4byte	0x611
 937 016b 79010000 		.4byte	0x179
 938 016f 09       		.uleb128 0x9
 939 0170 01       		.uleb128 0x1
 940 0171 50       		.byte	0x50
 941 0172 05       		.uleb128 0x5
 942 0173 03       		.byte	0x3
 943 0174 04000000 		.4byte	.LC1
ARM GAS  C:\Users\egarr\AppData\Local\Temp\ccFcDPmm.s 			page 23


 944 0178 00       		.byte	0
 945 0179 08       		.uleb128 0x8
 946 017a 0E000000 		.4byte	.LVL9
 947 017e 11060000 		.4byte	0x611
 948 0182 90010000 		.4byte	0x190
 949 0186 09       		.uleb128 0x9
 950 0187 01       		.uleb128 0x1
 951 0188 50       		.byte	0x50
 952 0189 05       		.uleb128 0x5
 953 018a 03       		.byte	0x3
 954 018b 54000000 		.4byte	.LC2
 955 018f 00       		.byte	0
 956 0190 08       		.uleb128 0x8
 957 0191 14000000 		.4byte	.LVL10
 958 0195 11060000 		.4byte	0x611
 959 0199 A7010000 		.4byte	0x1a7
 960 019d 09       		.uleb128 0x9
 961 019e 01       		.uleb128 0x1
 962 019f 50       		.byte	0x50
 963 01a0 05       		.uleb128 0x5
 964 01a1 03       		.byte	0x3
 965 01a2 74000000 		.4byte	.LC3
 966 01a6 00       		.byte	0
 967 01a7 08       		.uleb128 0x8
 968 01a8 1A000000 		.4byte	.LVL11
 969 01ac 11060000 		.4byte	0x611
 970 01b0 BE010000 		.4byte	0x1be
 971 01b4 09       		.uleb128 0x9
 972 01b5 01       		.uleb128 0x1
 973 01b6 50       		.byte	0x50
 974 01b7 05       		.uleb128 0x5
 975 01b8 03       		.byte	0x3
 976 01b9 88000000 		.4byte	.LC4
 977 01bd 00       		.byte	0
 978 01be 08       		.uleb128 0x8
 979 01bf 20000000 		.4byte	.LVL12
 980 01c3 11060000 		.4byte	0x611
 981 01c7 D5010000 		.4byte	0x1d5
 982 01cb 09       		.uleb128 0x9
 983 01cc 01       		.uleb128 0x1
 984 01cd 50       		.byte	0x50
 985 01ce 05       		.uleb128 0x5
 986 01cf 03       		.byte	0x3
 987 01d0 A8000000 		.4byte	.LC5
 988 01d4 00       		.byte	0
 989 01d5 08       		.uleb128 0x8
 990 01d6 26000000 		.4byte	.LVL13
 991 01da 11060000 		.4byte	0x611
 992 01de EC010000 		.4byte	0x1ec
 993 01e2 09       		.uleb128 0x9
 994 01e3 01       		.uleb128 0x1
 995 01e4 50       		.byte	0x50
 996 01e5 05       		.uleb128 0x5
 997 01e6 03       		.byte	0x3
 998 01e7 C8000000 		.4byte	.LC6
 999 01eb 00       		.byte	0
 1000 01ec 08       		.uleb128 0x8
ARM GAS  C:\Users\egarr\AppData\Local\Temp\ccFcDPmm.s 			page 24


 1001 01ed 2C000000 		.4byte	.LVL14
 1002 01f1 11060000 		.4byte	0x611
 1003 01f5 03020000 		.4byte	0x203
 1004 01f9 09       		.uleb128 0x9
 1005 01fa 01       		.uleb128 0x1
 1006 01fb 50       		.byte	0x50
 1007 01fc 05       		.uleb128 0x5
 1008 01fd 03       		.byte	0x3
 1009 01fe F4000000 		.4byte	.LC7
 1010 0202 00       		.byte	0
 1011 0203 08       		.uleb128 0x8
 1012 0204 32000000 		.4byte	.LVL15
 1013 0208 11060000 		.4byte	0x611
 1014 020c 1A020000 		.4byte	0x21a
 1015 0210 09       		.uleb128 0x9
 1016 0211 01       		.uleb128 0x1
 1017 0212 50       		.byte	0x50
 1018 0213 05       		.uleb128 0x5
 1019 0214 03       		.byte	0x3
 1020 0215 24010000 		.4byte	.LC8
 1021 0219 00       		.byte	0
 1022 021a 08       		.uleb128 0x8
 1023 021b 38000000 		.4byte	.LVL16
 1024 021f 11060000 		.4byte	0x611
 1025 0223 31020000 		.4byte	0x231
 1026 0227 09       		.uleb128 0x9
 1027 0228 01       		.uleb128 0x1
 1028 0229 50       		.byte	0x50
 1029 022a 05       		.uleb128 0x5
 1030 022b 03       		.byte	0x3
 1031 022c 70010000 		.4byte	.LC9
 1032 0230 00       		.byte	0
 1033 0231 08       		.uleb128 0x8
 1034 0232 3E000000 		.4byte	.LVL17
 1035 0236 11060000 		.4byte	0x611
 1036 023a 48020000 		.4byte	0x248
 1037 023e 09       		.uleb128 0x9
 1038 023f 01       		.uleb128 0x1
 1039 0240 50       		.byte	0x50
 1040 0241 05       		.uleb128 0x5
 1041 0242 03       		.byte	0x3
 1042 0243 8C010000 		.4byte	.LC10
 1043 0247 00       		.byte	0
 1044 0248 08       		.uleb128 0x8
 1045 0249 44000000 		.4byte	.LVL18
 1046 024d 11060000 		.4byte	0x611
 1047 0251 5F020000 		.4byte	0x25f
 1048 0255 09       		.uleb128 0x9
 1049 0256 01       		.uleb128 0x1
 1050 0257 50       		.byte	0x50
 1051 0258 05       		.uleb128 0x5
 1052 0259 03       		.byte	0x3
 1053 025a B0010000 		.4byte	.LC11
 1054 025e 00       		.byte	0
 1055 025f 0A       		.uleb128 0xa
 1056 0260 4A000000 		.4byte	.LVL19
 1057 0264 11060000 		.4byte	0x611
ARM GAS  C:\Users\egarr\AppData\Local\Temp\ccFcDPmm.s 			page 25


 1058 0268 09       		.uleb128 0x9
 1059 0269 01       		.uleb128 0x1
 1060 026a 50       		.byte	0x50
 1061 026b 05       		.uleb128 0x5
 1062 026c 03       		.byte	0x3
 1063 026d C4010000 		.4byte	.LC12
 1064 0271 00       		.byte	0
 1065 0272 00       		.byte	0
 1066 0273 0C       		.uleb128 0xc
 1067 0274 8F020000 		.4byte	.LASF61
 1068 0278 01       		.byte	0x1
 1069 0279 A6       		.byte	0xa6
 1070 027a 00000000 		.4byte	.LFB66
 1071 027e BC000000 		.4byte	.LFE66-.LFB66
 1072 0282 01       		.uleb128 0x1
 1073 0283 9C       		.byte	0x9c
 1074 0284 0B       		.uleb128 0xb
 1075 0285 27020000 		.4byte	.LASF19
 1076 0289 01       		.byte	0x1
 1077 028a C1       		.byte	0xc1
 1078 028b 00000000 		.4byte	.LFB67
 1079 028f F4000000 		.4byte	.LFE67-.LFB67
 1080 0293 01       		.uleb128 0x1
 1081 0294 9C       		.byte	0x9c
 1082 0295 66030000 		.4byte	0x366
 1083 0299 08       		.uleb128 0x8
 1084 029a 38000000 		.4byte	.LVL20
 1085 029e 1C060000 		.4byte	0x61c
 1086 02a2 B0020000 		.4byte	0x2b0
 1087 02a6 09       		.uleb128 0x9
 1088 02a7 01       		.uleb128 0x1
 1089 02a8 51       		.byte	0x51
 1090 02a9 05       		.uleb128 0x5
 1091 02aa 03       		.byte	0x3
 1092 02ab FC000000 		.4byte	.LANCHOR0+252
 1093 02af 00       		.byte	0
 1094 02b0 07       		.uleb128 0x7
 1095 02b1 3C000000 		.4byte	.LVL21
 1096 02b5 27060000 		.4byte	0x627
 1097 02b9 07       		.uleb128 0x7
 1098 02ba 46000000 		.4byte	.LVL22
 1099 02be 32060000 		.4byte	0x632
 1100 02c2 08       		.uleb128 0x8
 1101 02c3 4C000000 		.4byte	.LVL23
 1102 02c7 3D060000 		.4byte	0x63d
 1103 02cb D5020000 		.4byte	0x2d5
 1104 02cf 09       		.uleb128 0x9
 1105 02d0 01       		.uleb128 0x1
 1106 02d1 50       		.byte	0x50
 1107 02d2 01       		.uleb128 0x1
 1108 02d3 35       		.byte	0x35
 1109 02d4 00       		.byte	0
 1110 02d5 08       		.uleb128 0x8
 1111 02d6 62000000 		.4byte	.LVL24
 1112 02da 1C060000 		.4byte	0x61c
 1113 02de F6020000 		.4byte	0x2f6
 1114 02e2 09       		.uleb128 0x9
ARM GAS  C:\Users\egarr\AppData\Local\Temp\ccFcDPmm.s 			page 26


 1115 02e3 01       		.uleb128 0x1
 1116 02e4 51       		.byte	0x51
 1117 02e5 05       		.uleb128 0x5
 1118 02e6 03       		.byte	0x3
 1119 02e7 FC000000 		.4byte	.LANCHOR0+252
 1120 02eb 09       		.uleb128 0x9
 1121 02ec 01       		.uleb128 0x1
 1122 02ed 52       		.byte	0x52
 1123 02ee 01       		.uleb128 0x1
 1124 02ef 31       		.byte	0x31
 1125 02f0 09       		.uleb128 0x9
 1126 02f1 01       		.uleb128 0x1
 1127 02f2 53       		.byte	0x53
 1128 02f3 01       		.uleb128 0x1
 1129 02f4 30       		.byte	0x30
 1130 02f5 00       		.byte	0
 1131 02f6 07       		.uleb128 0x7
 1132 02f7 66000000 		.4byte	.LVL25
 1133 02fb 27060000 		.4byte	0x627
 1134 02ff 07       		.uleb128 0x7
 1135 0300 70000000 		.4byte	.LVL26
 1136 0304 32060000 		.4byte	0x632
 1137 0308 08       		.uleb128 0x8
 1138 0309 76000000 		.4byte	.LVL27
 1139 030d 3D060000 		.4byte	0x63d
 1140 0311 1B030000 		.4byte	0x31b
 1141 0315 09       		.uleb128 0x9
 1142 0316 01       		.uleb128 0x1
 1143 0317 50       		.byte	0x50
 1144 0318 01       		.uleb128 0x1
 1145 0319 35       		.byte	0x35
 1146 031a 00       		.byte	0
 1147 031b 08       		.uleb128 0x8
 1148 031c 86000000 		.4byte	.LVL28
 1149 0320 48060000 		.4byte	0x648
 1150 0324 37030000 		.4byte	0x337
 1151 0328 09       		.uleb128 0x9
 1152 0329 01       		.uleb128 0x1
 1153 032a 51       		.byte	0x51
 1154 032b 05       		.uleb128 0x5
 1155 032c 03       		.byte	0x3
 1156 032d 00000000 		.4byte	readData
 1157 0331 09       		.uleb128 0x9
 1158 0332 01       		.uleb128 0x1
 1159 0333 53       		.byte	0x53
 1160 0334 01       		.uleb128 0x1
 1161 0335 30       		.byte	0x30
 1162 0336 00       		.byte	0
 1163 0337 07       		.uleb128 0x7
 1164 0338 8A000000 		.4byte	.LVL29
 1165 033c 27060000 		.4byte	0x627
 1166 0340 07       		.uleb128 0x7
 1167 0341 94000000 		.4byte	.LVL30
 1168 0345 32060000 		.4byte	0x632
 1169 0349 07       		.uleb128 0x7
 1170 034a A4000000 		.4byte	.LVL31
 1171 034e 06060000 		.4byte	0x606
ARM GAS  C:\Users\egarr\AppData\Local\Temp\ccFcDPmm.s 			page 27


 1172 0352 0A       		.uleb128 0xa
 1173 0353 BE000000 		.4byte	.LVL32
 1174 0357 11060000 		.4byte	0x611
 1175 035b 09       		.uleb128 0x9
 1176 035c 01       		.uleb128 0x1
 1177 035d 50       		.byte	0x50
 1178 035e 05       		.uleb128 0x5
 1179 035f 03       		.byte	0x3
 1180 0360 C8010000 		.4byte	.LC13
 1181 0364 00       		.byte	0
 1182 0365 00       		.byte	0
 1183 0366 0D       		.uleb128 0xd
 1184 0367 CB010000 		.4byte	.LASF62
 1185 036b 01       		.byte	0x1
 1186 036c 44       		.byte	0x44
 1187 036d 68000000 		.4byte	0x68
 1188 0371 00000000 		.4byte	.LFB63
 1189 0375 38000000 		.4byte	.LFE63-.LFB63
 1190 0379 01       		.uleb128 0x1
 1191 037a 9C       		.byte	0x9c
 1192 037b C4030000 		.4byte	0x3c4
 1193 037f 07       		.uleb128 0x7
 1194 0380 06000000 		.4byte	.LVL33
 1195 0384 53060000 		.4byte	0x653
 1196 0388 07       		.uleb128 0x7
 1197 0389 0A000000 		.4byte	.LVL34
 1198 038d 5E060000 		.4byte	0x65e
 1199 0391 07       		.uleb128 0x7
 1200 0392 0E000000 		.4byte	.LVL35
 1201 0396 4D010000 		.4byte	0x14d
 1202 039a 08       		.uleb128 0x8
 1203 039b 14000000 		.4byte	.LVL36
 1204 039f 69060000 		.4byte	0x669
 1205 03a3 B1030000 		.4byte	0x3b1
 1206 03a7 09       		.uleb128 0x9
 1207 03a8 01       		.uleb128 0x1
 1208 03a9 50       		.byte	0x50
 1209 03aa 05       		.uleb128 0x5
 1210 03ab 03       		.byte	0x3
 1211 03ac 00000000 		.4byte	byteReceived
 1212 03b0 00       		.byte	0
 1213 03b1 07       		.uleb128 0x7
 1214 03b2 22000000 		.4byte	.LVL37
 1215 03b6 73020000 		.4byte	0x273
 1216 03ba 07       		.uleb128 0x7
 1217 03bb 26000000 		.4byte	.LVL38
 1218 03bf 84020000 		.4byte	0x284
 1219 03c3 00       		.byte	0
 1220 03c4 0E       		.uleb128 0xe
 1221 03c5 9A020000 		.4byte	.LASF20
 1222 03c9 05       		.byte	0x5
 1223 03ca 1207     		.2byte	0x712
 1224 03cc D0030000 		.4byte	0x3d0
 1225 03d0 0F       		.uleb128 0xf
 1226 03d1 76000000 		.4byte	0x76
 1227 03d5 10       		.uleb128 0x10
 1228 03d6 B3010000 		.4byte	.LASF21
ARM GAS  C:\Users\egarr\AppData\Local\Temp\ccFcDPmm.s 			page 28


 1229 03da 01       		.byte	0x1
 1230 03db 18       		.byte	0x18
 1231 03dc 81000000 		.4byte	0x81
 1232 03e0 05       		.uleb128 0x5
 1233 03e1 03       		.byte	0x3
 1234 03e2 00000000 		.4byte	currentMemLocation
 1235 03e6 10       		.uleb128 0x10
 1236 03e7 70000000 		.4byte	.LASF22
 1237 03eb 01       		.byte	0x1
 1238 03ec 19       		.byte	0x19
 1239 03ed 8D000000 		.4byte	0x8d
 1240 03f1 05       		.uleb128 0x5
 1241 03f2 03       		.byte	0x3
 1242 03f3 00000000 		.4byte	memLocation
 1243 03f7 10       		.uleb128 0x10
 1244 03f8 59030000 		.4byte	.LASF23
 1245 03fc 01       		.byte	0x1
 1246 03fd 1B       		.byte	0x1b
 1247 03fe 81000000 		.4byte	0x81
 1248 0402 05       		.uleb128 0x5
 1249 0403 03       		.byte	0x3
 1250 0404 00000000 		.4byte	directionRW
 1251 0408 10       		.uleb128 0x10
 1252 0409 21000000 		.4byte	.LASF24
 1253 040d 01       		.byte	0x1
 1254 040e 1C       		.byte	0x1c
 1255 040f 81000000 		.4byte	0x81
 1256 0413 05       		.uleb128 0x5
 1257 0414 03       		.byte	0x3
 1258 0415 00000000 		.4byte	chipSelect
 1259 0419 10       		.uleb128 0x10
 1260 041a 7C000000 		.4byte	.LASF25
 1261 041e 01       		.byte	0x1
 1262 041f 1E       		.byte	0x1e
 1263 0420 81000000 		.4byte	0x81
 1264 0424 05       		.uleb128 0x5
 1265 0425 03       		.byte	0x3
 1266 0426 00000000 		.4byte	group1Address
 1267 042a 10       		.uleb128 0x10
 1268 042b 6A020000 		.4byte	.LASF26
 1269 042f 01       		.byte	0x1
 1270 0430 1F       		.byte	0x1f
 1271 0431 81000000 		.4byte	0x81
 1272 0435 05       		.uleb128 0x5
 1273 0436 03       		.byte	0x3
 1274 0437 00000000 		.4byte	chip1Address
 1275 043b 10       		.uleb128 0x10
 1276 043c E3010000 		.4byte	.LASF27
 1277 0440 01       		.byte	0x1
 1278 0441 20       		.byte	0x20
 1279 0442 81000000 		.4byte	0x81
 1280 0446 05       		.uleb128 0x5
 1281 0447 03       		.byte	0x3
 1282 0448 00000000 		.4byte	chip2Address
 1283 044c 10       		.uleb128 0x10
 1284 044d D6000000 		.4byte	.LASF28
 1285 0451 01       		.byte	0x1
ARM GAS  C:\Users\egarr\AppData\Local\Temp\ccFcDPmm.s 			page 29


 1286 0452 22       		.byte	0x22
 1287 0453 81000000 		.4byte	0x81
 1288 0457 05       		.uleb128 0x5
 1289 0458 03       		.byte	0x3
 1290 0459 00000000 		.4byte	address
 1291 045d 10       		.uleb128 0x10
 1292 045e A6000000 		.4byte	.LASF29
 1293 0462 01       		.byte	0x1
 1294 0463 32       		.byte	0x32
 1295 0464 81000000 		.4byte	0x81
 1296 0468 05       		.uleb128 0x5
 1297 0469 03       		.byte	0x3
 1298 046a 00000000 		.4byte	format
 1299 046e 10       		.uleb128 0x10
 1300 046f 34010000 		.4byte	.LASF30
 1301 0473 01       		.byte	0x1
 1302 0474 28       		.byte	0x28
 1303 0475 81000000 		.4byte	0x81
 1304 0479 05       		.uleb128 0x5
 1305 047a 03       		.byte	0x3
 1306 047b 00000000 		.4byte	readNumBytes
 1307 047f 10       		.uleb128 0x10
 1308 0480 81020000 		.4byte	.LASF31
 1309 0484 01       		.byte	0x1
 1310 0485 29       		.byte	0x29
 1311 0486 81000000 		.4byte	0x81
 1312 048a 05       		.uleb128 0x5
 1313 048b 03       		.byte	0x3
 1314 048c 00000000 		.4byte	writeNumBytes
 1315 0490 11       		.uleb128 0x11
 1316 0491 81000000 		.4byte	0x81
 1317 0495 A0040000 		.4byte	0x4a0
 1318 0499 12       		.uleb128 0x12
 1319 049a B5000000 		.4byte	0xb5
 1320 049e 4E       		.byte	0x4e
 1321 049f 00       		.byte	0
 1322 04a0 10       		.uleb128 0x10
 1323 04a1 3A000000 		.4byte	.LASF32
 1324 04a5 01       		.byte	0x1
 1325 04a6 2B       		.byte	0x2b
 1326 04a7 90040000 		.4byte	0x490
 1327 04ab 05       		.uleb128 0x5
 1328 04ac 03       		.byte	0x3
 1329 04ad 00000000 		.4byte	data
 1330 04b1 10       		.uleb128 0x10
 1331 04b2 F8000000 		.4byte	.LASF33
 1332 04b6 01       		.byte	0x1
 1333 04b7 2C       		.byte	0x2c
 1334 04b8 90040000 		.4byte	0x490
 1335 04bc 05       		.uleb128 0x5
 1336 04bd 03       		.byte	0x3
 1337 04be 00000000 		.4byte	writeData
 1338 04c2 10       		.uleb128 0x10
 1339 04c3 9D000000 		.4byte	.LASF34
 1340 04c7 01       		.byte	0x1
 1341 04c8 2D       		.byte	0x2d
 1342 04c9 90040000 		.4byte	0x490
ARM GAS  C:\Users\egarr\AppData\Local\Temp\ccFcDPmm.s 			page 30


 1343 04cd 05       		.uleb128 0x5
 1344 04ce 03       		.byte	0x3
 1345 04cf 00000000 		.4byte	readData
 1346 04d3 10       		.uleb128 0x10
 1347 04d4 50030000 		.4byte	.LASF35
 1348 04d8 01       		.byte	0x1
 1349 04d9 2F       		.byte	0x2f
 1350 04da 81000000 		.4byte	0x81
 1351 04de 05       		.uleb128 0x5
 1352 04df 03       		.byte	0x3
 1353 04e0 00000000 		.4byte	addressW
 1354 04e4 10       		.uleb128 0x10
 1355 04e5 47030000 		.4byte	.LASF36
 1356 04e9 01       		.byte	0x1
 1357 04ea 30       		.byte	0x30
 1358 04eb 81000000 		.4byte	0x81
 1359 04ef 05       		.uleb128 0x5
 1360 04f0 03       		.byte	0x3
 1361 04f1 00000000 		.4byte	addressR
 1362 04f5 10       		.uleb128 0x10
 1363 04f6 83010000 		.4byte	.LASF37
 1364 04fa 01       		.byte	0x1
 1365 04fb 35       		.byte	0x35
 1366 04fc 68000000 		.4byte	0x68
 1367 0500 05       		.uleb128 0x5
 1368 0501 03       		.byte	0x3
 1369 0502 00000000 		.4byte	updateFlag
 1370 0506 13       		.uleb128 0x13
 1371 0507 6900     		.ascii	"i\000"
 1372 0509 01       		.byte	0x1
 1373 050a 36       		.byte	0x36
 1374 050b 68000000 		.4byte	0x68
 1375 050f 05       		.uleb128 0x5
 1376 0510 03       		.byte	0x3
 1377 0511 00000000 		.4byte	i
 1378 0515 13       		.uleb128 0x13
 1379 0516 7800     		.ascii	"x\000"
 1380 0518 01       		.byte	0x1
 1381 0519 37       		.byte	0x37
 1382 051a 68000000 		.4byte	0x68
 1383 051e 05       		.uleb128 0x5
 1384 051f 03       		.byte	0x3
 1385 0520 00000000 		.4byte	x
 1386 0524 13       		.uleb128 0x13
 1387 0525 7900     		.ascii	"y\000"
 1388 0527 01       		.byte	0x1
 1389 0528 38       		.byte	0x38
 1390 0529 68000000 		.4byte	0x68
 1391 052d 05       		.uleb128 0x5
 1392 052e 03       		.byte	0x3
 1393 052f 00000000 		.4byte	y
 1394 0533 10       		.uleb128 0x10
 1395 0534 20010000 		.4byte	.LASF38
 1396 0538 01       		.byte	0x1
 1397 0539 39       		.byte	0x39
 1398 053a 68000000 		.4byte	0x68
 1399 053e 05       		.uleb128 0x5
ARM GAS  C:\Users\egarr\AppData\Local\Temp\ccFcDPmm.s 			page 31


 1400 053f 03       		.byte	0x3
 1401 0540 00000000 		.4byte	entry
 1402 0544 11       		.uleb128 0x11
 1403 0545 A7000000 		.4byte	0xa7
 1404 0549 54050000 		.4byte	0x554
 1405 054d 12       		.uleb128 0x12
 1406 054e B5000000 		.4byte	0xb5
 1407 0552 4E       		.byte	0x4e
 1408 0553 00       		.byte	0
 1409 0554 10       		.uleb128 0x10
 1410 0555 00000000 		.4byte	.LASF39
 1411 0559 01       		.byte	0x1
 1412 055a 3B       		.byte	0x3b
 1413 055b 44050000 		.4byte	0x544
 1414 055f 05       		.uleb128 0x5
 1415 0560 03       		.byte	0x3
 1416 0561 00000000 		.4byte	holding
 1417 0565 10       		.uleb128 0x10
 1418 0566 12000000 		.4byte	.LASF40
 1419 056a 01       		.byte	0x1
 1420 056b 3C       		.byte	0x3c
 1421 056c 44050000 		.4byte	0x544
 1422 0570 05       		.uleb128 0x5
 1423 0571 03       		.byte	0x3
 1424 0572 00000000 		.4byte	input
 1425 0576 10       		.uleb128 0x10
 1426 0577 3F000000 		.4byte	.LASF41
 1427 057b 01       		.byte	0x1
 1428 057c 3D       		.byte	0x3d
 1429 057d 44050000 		.4byte	0x544
 1430 0581 05       		.uleb128 0x5
 1431 0582 03       		.byte	0x3
 1432 0583 00000000 		.4byte	empty
 1433 0587 10       		.uleb128 0x10
 1434 0588 C4000000 		.4byte	.LASF42
 1435 058c 01       		.byte	0x1
 1436 058d 3E       		.byte	0x3e
 1437 058e A7000000 		.4byte	0xa7
 1438 0592 05       		.uleb128 0x5
 1439 0593 03       		.byte	0x3
 1440 0594 00000000 		.4byte	nextByte
 1441 0598 11       		.uleb128 0x11
 1442 0599 81000000 		.4byte	0x81
 1443 059d A8050000 		.4byte	0x5a8
 1444 05a1 12       		.uleb128 0x12
 1445 05a2 B5000000 		.4byte	0xb5
 1446 05a6 00       		.byte	0
 1447 05a7 00       		.byte	0
 1448 05a8 10       		.uleb128 0x10
 1449 05a9 45000000 		.4byte	.LASF43
 1450 05ad 01       		.byte	0x1
 1451 05ae 40       		.byte	0x40
 1452 05af 98050000 		.4byte	0x598
 1453 05b3 05       		.uleb128 0x5
 1454 05b4 03       		.byte	0x3
 1455 05b5 00000000 		.4byte	testAdd
 1456 05b9 11       		.uleb128 0x11
ARM GAS  C:\Users\egarr\AppData\Local\Temp\ccFcDPmm.s 			page 32


 1457 05ba 81000000 		.4byte	0x81
 1458 05be C9050000 		.4byte	0x5c9
 1459 05c2 12       		.uleb128 0x12
 1460 05c3 B5000000 		.4byte	0xb5
 1461 05c7 04       		.byte	0x4
 1462 05c8 00       		.byte	0
 1463 05c9 10       		.uleb128 0x10
 1464 05ca E4000000 		.4byte	.LASF44
 1465 05ce 01       		.byte	0x1
 1466 05cf 41       		.byte	0x41
 1467 05d0 B9050000 		.4byte	0x5b9
 1468 05d4 05       		.uleb128 0x5
 1469 05d5 03       		.byte	0x3
 1470 05d6 00000000 		.4byte	testW
 1471 05da 11       		.uleb128 0x11
 1472 05db 81000000 		.4byte	0x81
 1473 05df EA050000 		.4byte	0x5ea
 1474 05e3 12       		.uleb128 0x12
 1475 05e4 B5000000 		.4byte	0xb5
 1476 05e8 03       		.byte	0x3
 1477 05e9 00       		.byte	0
 1478 05ea 10       		.uleb128 0x10
 1479 05eb DE000000 		.4byte	.LASF45
 1480 05ef 01       		.byte	0x1
 1481 05f0 42       		.byte	0x42
 1482 05f1 DA050000 		.4byte	0x5da
 1483 05f5 05       		.uleb128 0x5
 1484 05f6 03       		.byte	0x3
 1485 05f7 00000000 		.4byte	testR
 1486 05fb 14       		.uleb128 0x14
 1487 05fc 4D000000 		.4byte	.LASF46
 1488 0600 4D000000 		.4byte	.LASF46
 1489 0604 06       		.byte	0x6
 1490 0605 71       		.byte	0x71
 1491 0606 14       		.uleb128 0x14
 1492 0607 65030000 		.4byte	.LASF47
 1493 060b 65030000 		.4byte	.LASF47
 1494 060f 06       		.byte	0x6
 1495 0610 8A       		.byte	0x8a
 1496 0611 14       		.uleb128 0x14
 1497 0612 5A000000 		.4byte	.LASF48
 1498 0616 5A000000 		.4byte	.LASF48
 1499 061a 06       		.byte	0x6
 1500 061b 8B       		.byte	0x8b
 1501 061c 14       		.uleb128 0x14
 1502 061d 4D010000 		.4byte	.LASF49
 1503 0621 4D010000 		.4byte	.LASF49
 1504 0625 07       		.byte	0x7
 1505 0626 A7       		.byte	0xa7
 1506 0627 14       		.uleb128 0x14
 1507 0628 F6010000 		.4byte	.LASF50
 1508 062c F6010000 		.4byte	.LASF50
 1509 0630 07       		.byte	0x7
 1510 0631 A3       		.byte	0xa3
 1511 0632 14       		.uleb128 0x14
 1512 0633 60010000 		.4byte	.LASF51
 1513 0637 60010000 		.4byte	.LASF51
ARM GAS  C:\Users\egarr\AppData\Local\Temp\ccFcDPmm.s 			page 33


 1514 063b 07       		.byte	0x7
 1515 063c A4       		.byte	0xa4
 1516 063d 14       		.uleb128 0x14
 1517 063e 35030000 		.4byte	.LASF52
 1518 0642 35030000 		.4byte	.LASF52
 1519 0646 08       		.byte	0x8
 1520 0647 76       		.byte	0x76
 1521 0648 14       		.uleb128 0x14
 1522 0649 0E010000 		.4byte	.LASF53
 1523 064d 0E010000 		.4byte	.LASF53
 1524 0651 07       		.byte	0x7
 1525 0652 A9       		.byte	0xa9
 1526 0653 14       		.uleb128 0x14
 1527 0654 D0010000 		.4byte	.LASF54
 1528 0658 D0010000 		.4byte	.LASF54
 1529 065c 06       		.byte	0x6
 1530 065d 54       		.byte	0x54
 1531 065e 14       		.uleb128 0x14
 1532 065f 3D030000 		.4byte	.LASF55
 1533 0663 3D030000 		.4byte	.LASF55
 1534 0667 07       		.byte	0x7
 1535 0668 93       		.byte	0x93
 1536 0669 14       		.uleb128 0x14
 1537 066a EA000000 		.4byte	.LASF56
 1538 066e EA000000 		.4byte	.LASF56
 1539 0672 09       		.byte	0x9
 1540 0673 18       		.byte	0x18
 1541 0674 00       		.byte	0
 1542              		.section	.debug_abbrev,"",%progbits
 1543              	.Ldebug_abbrev0:
 1544 0000 01       		.uleb128 0x1
 1545 0001 11       		.uleb128 0x11
 1546 0002 01       		.byte	0x1
 1547 0003 25       		.uleb128 0x25
 1548 0004 0E       		.uleb128 0xe
 1549 0005 13       		.uleb128 0x13
 1550 0006 0B       		.uleb128 0xb
 1551 0007 03       		.uleb128 0x3
 1552 0008 0E       		.uleb128 0xe
 1553 0009 1B       		.uleb128 0x1b
 1554 000a 0E       		.uleb128 0xe
 1555 000b 55       		.uleb128 0x55
 1556 000c 17       		.uleb128 0x17
 1557 000d 11       		.uleb128 0x11
 1558 000e 01       		.uleb128 0x1
 1559 000f 10       		.uleb128 0x10
 1560 0010 17       		.uleb128 0x17
 1561 0011 00       		.byte	0
 1562 0012 00       		.byte	0
 1563 0013 02       		.uleb128 0x2
 1564 0014 24       		.uleb128 0x24
 1565 0015 00       		.byte	0
 1566 0016 0B       		.uleb128 0xb
 1567 0017 0B       		.uleb128 0xb
 1568 0018 3E       		.uleb128 0x3e
 1569 0019 0B       		.uleb128 0xb
 1570 001a 03       		.uleb128 0x3
ARM GAS  C:\Users\egarr\AppData\Local\Temp\ccFcDPmm.s 			page 34


 1571 001b 0E       		.uleb128 0xe
 1572 001c 00       		.byte	0
 1573 001d 00       		.byte	0
 1574 001e 03       		.uleb128 0x3
 1575 001f 16       		.uleb128 0x16
 1576 0020 00       		.byte	0
 1577 0021 03       		.uleb128 0x3
 1578 0022 0E       		.uleb128 0xe
 1579 0023 3A       		.uleb128 0x3a
 1580 0024 0B       		.uleb128 0xb
 1581 0025 3B       		.uleb128 0x3b
 1582 0026 0B       		.uleb128 0xb
 1583 0027 49       		.uleb128 0x49
 1584 0028 13       		.uleb128 0x13
 1585 0029 00       		.byte	0
 1586 002a 00       		.byte	0
 1587 002b 04       		.uleb128 0x4
 1588 002c 24       		.uleb128 0x24
 1589 002d 00       		.byte	0
 1590 002e 0B       		.uleb128 0xb
 1591 002f 0B       		.uleb128 0xb
 1592 0030 3E       		.uleb128 0x3e
 1593 0031 0B       		.uleb128 0xb
 1594 0032 03       		.uleb128 0x3
 1595 0033 08       		.uleb128 0x8
 1596 0034 00       		.byte	0
 1597 0035 00       		.byte	0
 1598 0036 05       		.uleb128 0x5
 1599 0037 16       		.uleb128 0x16
 1600 0038 00       		.byte	0
 1601 0039 03       		.uleb128 0x3
 1602 003a 0E       		.uleb128 0xe
 1603 003b 3A       		.uleb128 0x3a
 1604 003c 0B       		.uleb128 0xb
 1605 003d 3B       		.uleb128 0x3b
 1606 003e 05       		.uleb128 0x5
 1607 003f 49       		.uleb128 0x49
 1608 0040 13       		.uleb128 0x13
 1609 0041 00       		.byte	0
 1610 0042 00       		.byte	0
 1611 0043 06       		.uleb128 0x6
 1612 0044 2E       		.uleb128 0x2e
 1613 0045 01       		.byte	0x1
 1614 0046 3F       		.uleb128 0x3f
 1615 0047 19       		.uleb128 0x19
 1616 0048 03       		.uleb128 0x3
 1617 0049 0E       		.uleb128 0xe
 1618 004a 3A       		.uleb128 0x3a
 1619 004b 0B       		.uleb128 0xb
 1620 004c 3B       		.uleb128 0x3b
 1621 004d 0B       		.uleb128 0xb
 1622 004e 27       		.uleb128 0x27
 1623 004f 19       		.uleb128 0x19
 1624 0050 11       		.uleb128 0x11
 1625 0051 01       		.uleb128 0x1
 1626 0052 12       		.uleb128 0x12
 1627 0053 06       		.uleb128 0x6
ARM GAS  C:\Users\egarr\AppData\Local\Temp\ccFcDPmm.s 			page 35


 1628 0054 40       		.uleb128 0x40
 1629 0055 18       		.uleb128 0x18
 1630 0056 9742     		.uleb128 0x2117
 1631 0058 19       		.uleb128 0x19
 1632 0059 01       		.uleb128 0x1
 1633 005a 13       		.uleb128 0x13
 1634 005b 00       		.byte	0
 1635 005c 00       		.byte	0
 1636 005d 07       		.uleb128 0x7
 1637 005e 898201   		.uleb128 0x4109
 1638 0061 00       		.byte	0
 1639 0062 11       		.uleb128 0x11
 1640 0063 01       		.uleb128 0x1
 1641 0064 31       		.uleb128 0x31
 1642 0065 13       		.uleb128 0x13
 1643 0066 00       		.byte	0
 1644 0067 00       		.byte	0
 1645 0068 08       		.uleb128 0x8
 1646 0069 898201   		.uleb128 0x4109
 1647 006c 01       		.byte	0x1
 1648 006d 11       		.uleb128 0x11
 1649 006e 01       		.uleb128 0x1
 1650 006f 31       		.uleb128 0x31
 1651 0070 13       		.uleb128 0x13
 1652 0071 01       		.uleb128 0x1
 1653 0072 13       		.uleb128 0x13
 1654 0073 00       		.byte	0
 1655 0074 00       		.byte	0
 1656 0075 09       		.uleb128 0x9
 1657 0076 8A8201   		.uleb128 0x410a
 1658 0079 00       		.byte	0
 1659 007a 02       		.uleb128 0x2
 1660 007b 18       		.uleb128 0x18
 1661 007c 9142     		.uleb128 0x2111
 1662 007e 18       		.uleb128 0x18
 1663 007f 00       		.byte	0
 1664 0080 00       		.byte	0
 1665 0081 0A       		.uleb128 0xa
 1666 0082 898201   		.uleb128 0x4109
 1667 0085 01       		.byte	0x1
 1668 0086 11       		.uleb128 0x11
 1669 0087 01       		.uleb128 0x1
 1670 0088 31       		.uleb128 0x31
 1671 0089 13       		.uleb128 0x13
 1672 008a 00       		.byte	0
 1673 008b 00       		.byte	0
 1674 008c 0B       		.uleb128 0xb
 1675 008d 2E       		.uleb128 0x2e
 1676 008e 01       		.byte	0x1
 1677 008f 3F       		.uleb128 0x3f
 1678 0090 19       		.uleb128 0x19
 1679 0091 03       		.uleb128 0x3
 1680 0092 0E       		.uleb128 0xe
 1681 0093 3A       		.uleb128 0x3a
 1682 0094 0B       		.uleb128 0xb
 1683 0095 3B       		.uleb128 0x3b
 1684 0096 0B       		.uleb128 0xb
ARM GAS  C:\Users\egarr\AppData\Local\Temp\ccFcDPmm.s 			page 36


 1685 0097 11       		.uleb128 0x11
 1686 0098 01       		.uleb128 0x1
 1687 0099 12       		.uleb128 0x12
 1688 009a 06       		.uleb128 0x6
 1689 009b 40       		.uleb128 0x40
 1690 009c 18       		.uleb128 0x18
 1691 009d 9742     		.uleb128 0x2117
 1692 009f 19       		.uleb128 0x19
 1693 00a0 01       		.uleb128 0x1
 1694 00a1 13       		.uleb128 0x13
 1695 00a2 00       		.byte	0
 1696 00a3 00       		.byte	0
 1697 00a4 0C       		.uleb128 0xc
 1698 00a5 2E       		.uleb128 0x2e
 1699 00a6 00       		.byte	0
 1700 00a7 3F       		.uleb128 0x3f
 1701 00a8 19       		.uleb128 0x19
 1702 00a9 03       		.uleb128 0x3
 1703 00aa 0E       		.uleb128 0xe
 1704 00ab 3A       		.uleb128 0x3a
 1705 00ac 0B       		.uleb128 0xb
 1706 00ad 3B       		.uleb128 0x3b
 1707 00ae 0B       		.uleb128 0xb
 1708 00af 11       		.uleb128 0x11
 1709 00b0 01       		.uleb128 0x1
 1710 00b1 12       		.uleb128 0x12
 1711 00b2 06       		.uleb128 0x6
 1712 00b3 40       		.uleb128 0x40
 1713 00b4 18       		.uleb128 0x18
 1714 00b5 9742     		.uleb128 0x2117
 1715 00b7 19       		.uleb128 0x19
 1716 00b8 00       		.byte	0
 1717 00b9 00       		.byte	0
 1718 00ba 0D       		.uleb128 0xd
 1719 00bb 2E       		.uleb128 0x2e
 1720 00bc 01       		.byte	0x1
 1721 00bd 3F       		.uleb128 0x3f
 1722 00be 19       		.uleb128 0x19
 1723 00bf 03       		.uleb128 0x3
 1724 00c0 0E       		.uleb128 0xe
 1725 00c1 3A       		.uleb128 0x3a
 1726 00c2 0B       		.uleb128 0xb
 1727 00c3 3B       		.uleb128 0x3b
 1728 00c4 0B       		.uleb128 0xb
 1729 00c5 27       		.uleb128 0x27
 1730 00c6 19       		.uleb128 0x19
 1731 00c7 49       		.uleb128 0x49
 1732 00c8 13       		.uleb128 0x13
 1733 00c9 8701     		.uleb128 0x87
 1734 00cb 19       		.uleb128 0x19
 1735 00cc 11       		.uleb128 0x11
 1736 00cd 01       		.uleb128 0x1
 1737 00ce 12       		.uleb128 0x12
 1738 00cf 06       		.uleb128 0x6
 1739 00d0 40       		.uleb128 0x40
 1740 00d1 18       		.uleb128 0x18
 1741 00d2 9742     		.uleb128 0x2117
ARM GAS  C:\Users\egarr\AppData\Local\Temp\ccFcDPmm.s 			page 37


 1742 00d4 19       		.uleb128 0x19
 1743 00d5 01       		.uleb128 0x1
 1744 00d6 13       		.uleb128 0x13
 1745 00d7 00       		.byte	0
 1746 00d8 00       		.byte	0
 1747 00d9 0E       		.uleb128 0xe
 1748 00da 34       		.uleb128 0x34
 1749 00db 00       		.byte	0
 1750 00dc 03       		.uleb128 0x3
 1751 00dd 0E       		.uleb128 0xe
 1752 00de 3A       		.uleb128 0x3a
 1753 00df 0B       		.uleb128 0xb
 1754 00e0 3B       		.uleb128 0x3b
 1755 00e1 05       		.uleb128 0x5
 1756 00e2 49       		.uleb128 0x49
 1757 00e3 13       		.uleb128 0x13
 1758 00e4 3F       		.uleb128 0x3f
 1759 00e5 19       		.uleb128 0x19
 1760 00e6 3C       		.uleb128 0x3c
 1761 00e7 19       		.uleb128 0x19
 1762 00e8 00       		.byte	0
 1763 00e9 00       		.byte	0
 1764 00ea 0F       		.uleb128 0xf
 1765 00eb 35       		.uleb128 0x35
 1766 00ec 00       		.byte	0
 1767 00ed 49       		.uleb128 0x49
 1768 00ee 13       		.uleb128 0x13
 1769 00ef 00       		.byte	0
 1770 00f0 00       		.byte	0
 1771 00f1 10       		.uleb128 0x10
 1772 00f2 34       		.uleb128 0x34
 1773 00f3 00       		.byte	0
 1774 00f4 03       		.uleb128 0x3
 1775 00f5 0E       		.uleb128 0xe
 1776 00f6 3A       		.uleb128 0x3a
 1777 00f7 0B       		.uleb128 0xb
 1778 00f8 3B       		.uleb128 0x3b
 1779 00f9 0B       		.uleb128 0xb
 1780 00fa 49       		.uleb128 0x49
 1781 00fb 13       		.uleb128 0x13
 1782 00fc 3F       		.uleb128 0x3f
 1783 00fd 19       		.uleb128 0x19
 1784 00fe 02       		.uleb128 0x2
 1785 00ff 18       		.uleb128 0x18
 1786 0100 00       		.byte	0
 1787 0101 00       		.byte	0
 1788 0102 11       		.uleb128 0x11
 1789 0103 01       		.uleb128 0x1
 1790 0104 01       		.byte	0x1
 1791 0105 49       		.uleb128 0x49
 1792 0106 13       		.uleb128 0x13
 1793 0107 01       		.uleb128 0x1
 1794 0108 13       		.uleb128 0x13
 1795 0109 00       		.byte	0
 1796 010a 00       		.byte	0
 1797 010b 12       		.uleb128 0x12
 1798 010c 21       		.uleb128 0x21
ARM GAS  C:\Users\egarr\AppData\Local\Temp\ccFcDPmm.s 			page 38


 1799 010d 00       		.byte	0
 1800 010e 49       		.uleb128 0x49
 1801 010f 13       		.uleb128 0x13
 1802 0110 2F       		.uleb128 0x2f
 1803 0111 0B       		.uleb128 0xb
 1804 0112 00       		.byte	0
 1805 0113 00       		.byte	0
 1806 0114 13       		.uleb128 0x13
 1807 0115 34       		.uleb128 0x34
 1808 0116 00       		.byte	0
 1809 0117 03       		.uleb128 0x3
 1810 0118 08       		.uleb128 0x8
 1811 0119 3A       		.uleb128 0x3a
 1812 011a 0B       		.uleb128 0xb
 1813 011b 3B       		.uleb128 0x3b
 1814 011c 0B       		.uleb128 0xb
 1815 011d 49       		.uleb128 0x49
 1816 011e 13       		.uleb128 0x13
 1817 011f 3F       		.uleb128 0x3f
 1818 0120 19       		.uleb128 0x19
 1819 0121 02       		.uleb128 0x2
 1820 0122 18       		.uleb128 0x18
 1821 0123 00       		.byte	0
 1822 0124 00       		.byte	0
 1823 0125 14       		.uleb128 0x14
 1824 0126 2E       		.uleb128 0x2e
 1825 0127 00       		.byte	0
 1826 0128 3F       		.uleb128 0x3f
 1827 0129 19       		.uleb128 0x19
 1828 012a 3C       		.uleb128 0x3c
 1829 012b 19       		.uleb128 0x19
 1830 012c 6E       		.uleb128 0x6e
 1831 012d 0E       		.uleb128 0xe
 1832 012e 03       		.uleb128 0x3
 1833 012f 0E       		.uleb128 0xe
 1834 0130 3A       		.uleb128 0x3a
 1835 0131 0B       		.uleb128 0xb
 1836 0132 3B       		.uleb128 0x3b
 1837 0133 0B       		.uleb128 0xb
 1838 0134 00       		.byte	0
 1839 0135 00       		.byte	0
 1840 0136 00       		.byte	0
 1841              		.section	.debug_aranges,"",%progbits
 1842 0000 3C000000 		.4byte	0x3c
 1843 0004 0200     		.2byte	0x2
 1844 0006 00000000 		.4byte	.Ldebug_info0
 1845 000a 04       		.byte	0x4
 1846 000b 00       		.byte	0
 1847 000c 0000     		.2byte	0
 1848 000e 0000     		.2byte	0
 1849 0010 00000000 		.4byte	.LFB64
 1850 0014 E4000000 		.4byte	.LFE64-.LFB64
 1851 0018 00000000 		.4byte	.LFB65
 1852 001c 7C000000 		.4byte	.LFE65-.LFB65
 1853 0020 00000000 		.4byte	.LFB66
 1854 0024 BC000000 		.4byte	.LFE66-.LFB66
 1855 0028 00000000 		.4byte	.LFB67
ARM GAS  C:\Users\egarr\AppData\Local\Temp\ccFcDPmm.s 			page 39


 1856 002c F4000000 		.4byte	.LFE67-.LFB67
 1857 0030 00000000 		.4byte	.LFB63
 1858 0034 38000000 		.4byte	.LFE63-.LFB63
 1859 0038 00000000 		.4byte	0
 1860 003c 00000000 		.4byte	0
 1861              		.section	.debug_ranges,"",%progbits
 1862              	.Ldebug_ranges0:
 1863 0000 00000000 		.4byte	.LFB64
 1864 0004 E4000000 		.4byte	.LFE64
 1865 0008 00000000 		.4byte	.LFB65
 1866 000c 7C000000 		.4byte	.LFE65
 1867 0010 00000000 		.4byte	.LFB66
 1868 0014 BC000000 		.4byte	.LFE66
 1869 0018 00000000 		.4byte	.LFB67
 1870 001c F4000000 		.4byte	.LFE67
 1871 0020 00000000 		.4byte	.LFB63
 1872 0024 38000000 		.4byte	.LFE63
 1873 0028 00000000 		.4byte	0
 1874 002c 00000000 		.4byte	0
 1875              		.section	.debug_line,"",%progbits
 1876              	.Ldebug_line0:
 1877 0000 88020000 		.section	.debug_str,"MS",%progbits,1
 1877      02007501 
 1877      00000201 
 1877      FB0E0D00 
 1877      01010101 
 1878              	.LASF39:
 1879 0000 686F6C64 		.ascii	"holding\000"
 1879      696E6700 
 1880              	.LASF2:
 1881 0008 73686F72 		.ascii	"short int\000"
 1881      7420696E 
 1881      7400
 1882              	.LASF40:
 1883 0012 696E7075 		.ascii	"input\000"
 1883      7400
 1884              	.LASF17:
 1885 0018 73697A65 		.ascii	"sizetype\000"
 1885      74797065 
 1885      00
 1886              	.LASF24:
 1887 0021 63686970 		.ascii	"chipSelect\000"
 1887      53656C65 
 1887      637400
 1888              	.LASF6:
 1889 002c 6C6F6E67 		.ascii	"long long int\000"
 1889      206C6F6E 
 1889      6720696E 
 1889      7400
 1890              	.LASF32:
 1891 003a 64617461 		.ascii	"data\000"
 1891      00
 1892              	.LASF41:
 1893 003f 656D7074 		.ascii	"empty\000"
 1893      7900
 1894              	.LASF43:
 1895 0045 74657374 		.ascii	"testAdd\000"
ARM GAS  C:\Users\egarr\AppData\Local\Temp\ccFcDPmm.s 			page 40


 1895      41646400 
 1896              	.LASF46:
 1897 004d 55415254 		.ascii	"UART_GetChar\000"
 1897      5F476574 
 1897      43686172 
 1897      00
 1898              	.LASF48:
 1899 005a 55415254 		.ascii	"UART_PutString\000"
 1899      5F507574 
 1899      53747269 
 1899      6E6700
 1900              	.LASF12:
 1901 0069 75696E74 		.ascii	"uint16\000"
 1901      313600
 1902              	.LASF22:
 1903 0070 6D656D4C 		.ascii	"memLocation\000"
 1903      6F636174 
 1903      696F6E00 
 1904              	.LASF25:
 1905 007c 67726F75 		.ascii	"group1Address\000"
 1905      70314164 
 1905      64726573 
 1905      7300
 1906              	.LASF60:
 1907 008a 62797465 		.ascii	"byteReceived\000"
 1907      52656365 
 1907      69766564 
 1907      00
 1908              	.LASF13:
 1909 0097 666C6F61 		.ascii	"float\000"
 1909      7400
 1910              	.LASF34:
 1911 009d 72656164 		.ascii	"readData\000"
 1911      44617461 
 1911      00
 1912              	.LASF29:
 1913 00a6 666F726D 		.ascii	"format\000"
 1913      617400
 1914              	.LASF7:
 1915 00ad 6C6F6E67 		.ascii	"long long unsigned int\000"
 1915      206C6F6E 
 1915      6720756E 
 1915      7369676E 
 1915      65642069 
 1916              	.LASF42:
 1917 00c4 6E657874 		.ascii	"nextByte\000"
 1917      42797465 
 1917      00
 1918              	.LASF4:
 1919 00cd 6C6F6E67 		.ascii	"long int\000"
 1919      20696E74 
 1919      00
 1920              	.LASF28:
 1921 00d6 61646472 		.ascii	"address\000"
 1921      65737300 
 1922              	.LASF45:
 1923 00de 74657374 		.ascii	"testR\000"
ARM GAS  C:\Users\egarr\AppData\Local\Temp\ccFcDPmm.s 			page 41


 1923      5200
 1924              	.LASF44:
 1925 00e4 74657374 		.ascii	"testW\000"
 1925      5700
 1926              	.LASF56:
 1927 00ea 6973725F 		.ascii	"isr_1_StartEx\000"
 1927      315F5374 
 1927      61727445 
 1927      7800
 1928              	.LASF33:
 1929 00f8 77726974 		.ascii	"writeData\000"
 1929      65446174 
 1929      6100
 1930              	.LASF16:
 1931 0102 6C6F6E67 		.ascii	"long double\000"
 1931      20646F75 
 1931      626C6500 
 1932              	.LASF53:
 1933 010e 4932435F 		.ascii	"I2C_MasterReadBuf\000"
 1933      4D617374 
 1933      65725265 
 1933      61644275 
 1933      6600
 1934              	.LASF38:
 1935 0120 656E7472 		.ascii	"entry\000"
 1935      7900
 1936              	.LASF1:
 1937 0126 756E7369 		.ascii	"unsigned char\000"
 1937      676E6564 
 1937      20636861 
 1937      7200
 1938              	.LASF30:
 1939 0134 72656164 		.ascii	"readNumBytes\000"
 1939      4E756D42 
 1939      79746573 
 1939      00
 1940              	.LASF0:
 1941 0141 7369676E 		.ascii	"signed char\000"
 1941      65642063 
 1941      68617200 
 1942              	.LASF49:
 1943 014d 4932435F 		.ascii	"I2C_MasterWriteBuf\000"
 1943      4D617374 
 1943      65725772 
 1943      69746542 
 1943      756600
 1944              	.LASF51:
 1945 0160 4932435F 		.ascii	"I2C_MasterClearStatus\000"
 1945      4D617374 
 1945      6572436C 
 1945      65617253 
 1945      74617475 
 1946              	.LASF8:
 1947 0176 756E7369 		.ascii	"unsigned int\000"
 1947      676E6564 
 1947      20696E74 
 1947      00
ARM GAS  C:\Users\egarr\AppData\Local\Temp\ccFcDPmm.s 			page 42


 1948              	.LASF37:
 1949 0183 75706461 		.ascii	"updateFlag\000"
 1949      7465466C 
 1949      616700
 1950              	.LASF3:
 1951 018e 73686F72 		.ascii	"short unsigned int\000"
 1951      7420756E 
 1951      7369676E 
 1951      65642069 
 1951      6E7400
 1952              	.LASF18:
 1953 01a1 7072696E 		.ascii	"printInstructions\000"
 1953      74496E73 
 1953      74727563 
 1953      74696F6E 
 1953      7300
 1954              	.LASF21:
 1955 01b3 63757272 		.ascii	"currentMemLocation\000"
 1955      656E744D 
 1955      656D4C6F 
 1955      63617469 
 1955      6F6E00
 1956              	.LASF15:
 1957 01c6 63686172 		.ascii	"char\000"
 1957      00
 1958              	.LASF62:
 1959 01cb 6D61696E 		.ascii	"main\000"
 1959      00
 1960              	.LASF54:
 1961 01d0 55415254 		.ascii	"UART_Start\000"
 1961      5F537461 
 1961      727400
 1962              	.LASF10:
 1963 01db 696E7433 		.ascii	"int32_t\000"
 1963      325F7400 
 1964              	.LASF27:
 1965 01e3 63686970 		.ascii	"chip2Address\000"
 1965      32416464 
 1965      72657373 
 1965      00
 1966              	.LASF11:
 1967 01f0 75696E74 		.ascii	"uint8\000"
 1967      3800
 1968              	.LASF50:
 1969 01f6 4932435F 		.ascii	"I2C_MasterStatus\000"
 1969      4D617374 
 1969      65725374 
 1969      61747573 
 1969      00
 1970              	.LASF58:
 1971 0207 6D61696E 		.ascii	"main.c\000"
 1971      2E6300
 1972              	.LASF5:
 1973 020e 6C6F6E67 		.ascii	"long unsigned int\000"
 1973      20756E73 
 1973      69676E65 
 1973      6420696E 
ARM GAS  C:\Users\egarr\AppData\Local\Temp\ccFcDPmm.s 			page 43


 1973      7400
 1974              	.LASF14:
 1975 0220 646F7562 		.ascii	"double\000"
 1975      6C6500
 1976              	.LASF19:
 1977 0227 72656164 		.ascii	"readWriteMem\000"
 1977      57726974 
 1977      654D656D 
 1977      00
 1978              	.LASF59:
 1979 0234 433A5C55 		.ascii	"C:\\Users\\egarr\\Documents\\school\\ECE381\\Lab6_I"
 1979      73657273 
 1979      5C656761 
 1979      72725C44 
 1979      6F63756D 
 1980 0261 32432E63 		.ascii	"2C.cydsn\000"
 1980      7964736E 
 1980      00
 1981              	.LASF26:
 1982 026a 63686970 		.ascii	"chip1Address\000"
 1982      31416464 
 1982      72657373 
 1982      00
 1983              	.LASF9:
 1984 0277 5F5F696E 		.ascii	"__int32_t\000"
 1984      7433325F 
 1984      7400
 1985              	.LASF31:
 1986 0281 77726974 		.ascii	"writeNumBytes\000"
 1986      654E756D 
 1986      42797465 
 1986      7300
 1987              	.LASF61:
 1988 028f 70617273 		.ascii	"parseInput\000"
 1988      65496E70 
 1988      757400
 1989              	.LASF20:
 1990 029a 49544D5F 		.ascii	"ITM_RxBuffer\000"
 1990      52784275 
 1990      66666572 
 1990      00
 1991              	.LASF57:
 1992 02a7 474E5520 		.ascii	"GNU C11 5.4.1 20160609 (release) [ARM/embedded-5-br"
 1992      43313120 
 1992      352E342E 
 1992      31203230 
 1992      31363036 
 1993 02da 616E6368 		.ascii	"anch revision 237715] -mcpu=cortex-m3 -mthumb -g -O"
 1993      20726576 
 1993      6973696F 
 1993      6E203233 
 1993      37373135 
 1994 030d 67202D66 		.ascii	"g -ffunction-sections -ffat-lto-objects\000"
 1994      66756E63 
 1994      74696F6E 
 1994      2D736563 
 1994      74696F6E 
ARM GAS  C:\Users\egarr\AppData\Local\Temp\ccFcDPmm.s 			page 44


 1995              	.LASF52:
 1996 0335 43794465 		.ascii	"CyDelay\000"
 1996      6C617900 
 1997              	.LASF55:
 1998 033d 4932435F 		.ascii	"I2C_Start\000"
 1998      53746172 
 1998      7400
 1999              	.LASF36:
 2000 0347 61646472 		.ascii	"addressR\000"
 2000      65737352 
 2000      00
 2001              	.LASF35:
 2002 0350 61646472 		.ascii	"addressW\000"
 2002      65737357 
 2002      00
 2003              	.LASF23:
 2004 0359 64697265 		.ascii	"directionRW\000"
 2004      6374696F 
 2004      6E525700 
 2005              	.LASF47:
 2006 0365 55415254 		.ascii	"UART_PutChar\000"
 2006      5F507574 
 2006      43686172 
 2006      00
 2007              		.ident	"GCC: (GNU Tools for ARM Embedded Processors) 5.4.1 20160609 (release) [ARM/embedded-5-bran
